[2024-02-06T11:12:29.139] [DEBUG] debug-file - env: nodejsVersion=v18.14.1
[2024-02-06T11:12:29.141] [DEBUG] debug-file - env: hvigor-config.json5 content = {
  hvigorVersion: '4.0.2',
  dependencies: { '@ohos/hvigor-ohos-plugin': '4.0.2' }
}
[2024-02-06T11:12:36.224] [DEBUG] debug-file - env: daemon=true
[2024-02-06T11:12:51.157] [DEBUG] debug-file - hvigor start cli arguments:{
  prop: [ 'product=default' ],
  sync: true,
  analyze: true,
  parallel: true,
  incremental: true,
  daemon: true,
  _: []
}
[2024-02-06T11:12:51.179] [DEBUG] debug-file - session manager: set active socket. socketId=DxXH78pXPa-uQZDrAAAB
[2024-02-06T11:12:59.458] [DEBUG] debug-file - watch worker: worker id should be larger than 0. Nothing will be sent to any worker thread.
[2024-02-06T11:12:59.465] [DEBUG] debug-file - Hvigor init with startParameters:{
  hvigorfileTypeCheck: false,
  parallelExecution: true,
  incrementalExecution: true,
  printStackTrace: false,
  daemon: true,
  analyze: 0,
  logLevel: Level { level: 20000, levelStr: 'INFO', colour: 'green' },
  enableSignTask: true,
  skipNativeIncremental: false,
  poolMaxCoreSize: undefined,
  poolCacheCapacity: undefined,
  poolCacheTtl: undefined
}
[2024-02-06T11:12:59.468] [DEBUG] debug-file - Cache service initialization finished in 3 ms 
[2024-02-06T11:12:59.469] [DEBUG] debug-file - Since there is no instance or instance is terminated, create a new worker pool.
[2024-02-06T11:12:59.469] [DEBUG] debug-file - Worker pool is initialized with config:  {
  minPoolNum: 2,
  maxCoreSize: undefined,
  cacheCapacity: undefined,
  cacheTtl: undefined
}
[2024-02-06T11:12:59.470] [DEBUG] debug-file - Create  resident worker with id: 0.
[2024-02-06T11:12:59.473] [DEBUG] debug-file - Create  resident worker with id: 1.
[2024-02-06T11:12:59.477] [DEBUG] debug-file - hvigorfile, resolving E:\lcj\flutter_packages\packages\url_launcher\url_launcher_ohos\ohos\hvigorfile.ts
[2024-02-06T11:13:02.556] [DEBUG] debug-file - hvigorfile, require result:  { default: { plugins: [] } }
[2024-02-06T11:13:02.557] [DEBUG] debug-file - hvigorfile, binding system plugins null
[2024-02-06T11:13:02.697] [DEBUG] debug-file - hvigorfile, binding custom plugins []
[2024-02-06T11:13:02.697] [DEBUG] debug-file - hvigorfile, no custom plugins were found in E:\lcj\flutter_packages\packages\url_launcher\url_launcher_ohos\ohos\hvigorfile.ts
[2024-02-06T11:13:02.698] [DEBUG] debug-file - hvigorfile, resolve finished E:\lcj\flutter_packages\packages\url_launcher\url_launcher_ohos\ohos\hvigorfile.ts
[2024-02-06T11:13:02.699] [DEBUG] debug-file - hvigorfile, resolving E:\lcj\flutter_packages\packages\url_launcher\url_launcher_ohos\ohos\url_launcher\hvigorfile.ts
[2024-02-06T11:13:02.707] [DEBUG] debug-file - hvigorfile, require result:  {}
[2024-02-06T11:13:02.707] [DEBUG] debug-file - hvigorfile, binding system plugins {}
[2024-02-06T11:13:02.734] [DEBUG] debug-file - Module url_launcher Collected Dependency: 
[2024-02-06T11:13:02.734] [DEBUG] debug-file - Module url_launcher's total dependency: 0
[2024-02-06T11:13:02.737] [DEBUG] debug-file - Start initialize module-target build option map, moduleName=url_launcher, buildMode=debug
[2024-02-06T11:13:02.738] [DEBUG] debug-file - Target 'default' config: {}
[2024-02-06T11:13:02.738] [DEBUG] debug-file - Module 'url_launcher' target 'default' build option: {
  "debuggable": true,
  "copyFrom": "default"
}
[2024-02-06T11:13:02.738] [DEBUG] debug-file - End initialize module-target build option map, moduleName=url_launcher
[2024-02-06T11:13:02.738] [DEBUG] debug-file - Module 'url_launcher' target 'default' using build option: {
  "debuggable": true,
  "copyFrom": "default"
} in this build.
[2024-02-06T11:13:02.740] [DEBUG] debug-file - require SDK: toolchains,ArkTS; moduleName=url_launcher
[2024-02-06T11:13:02.746] [DEBUG] debug-file - Module url_launcher task initialization takes 5 ms 
[2024-02-06T11:13:02.747] [DEBUG] debug-file - hvigorfile, resolve finished E:\lcj\flutter_packages\packages\url_launcher\url_launcher_ohos\ohos\url_launcher\hvigorfile.ts
[2024-02-06T11:13:02.804] [DEBUG] debug-file - hvigorfile, resolve hvigorfile dependencies in 58 ms 
[2024-02-06T11:13:02.805] [DEBUG] debug-file - Start initialize project's product build option map with build mode debug.
[2024-02-06T11:13:02.805] [DEBUG] debug-file - Picking option from product 'default' with build mode 'debug'.
[2024-02-06T11:13:02.805] [DEBUG] debug-file - Product 'default' build option: {}
[2024-02-06T11:13:02.805] [DEBUG] debug-file - End initialize project's product build option map with build mode 'debug'.
[2024-02-06T11:13:02.806] [DEBUG] debug-file - Module ohos Collected Dependency: 
[2024-02-06T11:13:02.806] [DEBUG] debug-file - Module ohos's total dependency: 0
[2024-02-06T11:13:02.808] [DEBUG] debug-file - Product 'default' using build option: {
  "debuggable": true
} in this build.
[2024-02-06T11:13:02.816] [DEBUG] debug-file - Local scan or download HarmonyOS sdk components toolchains
[2024-02-06T11:13:02.865] [DEBUG] debug-file - Local scan or download hmscore sdk components toolchains
[2024-02-06T11:13:02.908] [DEBUG] debug-file - Sdk init in 96 ms 
[2024-02-06T11:13:02.916] [DEBUG] debug-file - Project task initialization takes 9 ms 
[2024-02-06T11:13:02.919] [DEBUG] debug-file - Sdk init in 3 ms 
[2024-02-06T11:13:02.921] [DEBUG] debug-file - project has submodules:url_launcher
[2024-02-06T11:13:02.922] [DEBUG] debug-file - module:url_launcher no need to execute packageHap
[2024-02-06T11:13:02.923] [DEBUG] debug-file - Configuration phase cost:3 s 455 ms 
[2024-02-06T11:13:02.925] [DEBUG] debug-file - Configuration task cost before running: 3 s 463 ms 
[2024-02-06T11:13:02.925] [DEBUG] debug-file - url_launcher : init start {
  rss: 265953280,
  heapTotal: 129347584,
  heapUsed: 106424744,
  external: 1047022,
  arrayBuffers: 99277
}
[2024-02-06T11:13:02.925] [DEBUG] debug-file - Executing task :url_launcher:init
[2024-02-06T11:13:02.926] [DEBUG] debug-file - url_launcher : init end {
  rss: 265969664,
  heapTotal: 129347584,
  heapUsed: 106470008,
  external: 1047062,
  arrayBuffers: 100228
}
[2024-02-06T11:13:02.926] [DEBUG] debug-file - runTaskFromQueue task cost before running: 3 s 465 ms 
[2024-02-06T11:13:02.927] [INFO] debug-file - Finished :url_launcher:init... after 2 ms 
[2024-02-06T11:13:02.927] [DEBUG] debug-file - ohos : init start {
  rss: 265977856,
  heapTotal: 129347584,
  heapUsed: 106522872,
  external: 1047062,
  arrayBuffers: 102050
}
[2024-02-06T11:13:02.927] [DEBUG] debug-file - Executing task ::init
[2024-02-06T11:13:02.927] [DEBUG] debug-file - ohos : init end {
  rss: 265977856,
  heapTotal: 129347584,
  heapUsed: 106548224,
  external: 1047062,
  arrayBuffers: 102982
}
[2024-02-06T11:13:02.927] [DEBUG] debug-file - runTaskFromQueue task cost before running: 3 s 466 ms 
[2024-02-06T11:13:02.927] [INFO] debug-file - Finished ::init... after 1 ms 
[2024-02-06T11:13:02.935] [DEBUG] debug-file - Module 'url_launcher' target 'default' using build option: {
  "debuggable": true,
  "copyFrom": "default"
} in this build.
[2024-02-06T11:13:02.939] [DEBUG] debug-file - hvigor build process will be closed.
[2024-02-06T11:13:02.942] [DEBUG] debug-file - The build request was finished
[2024-02-06T11:13:02.944] [DEBUG] debug-file - session manager: send message to worker process.
[2024-02-06T11:13:02.945] [DEBUG] debug-file - session manager: send message to worker process.
[2024-02-06T11:13:07.892] [DEBUG] debug-file - watch worker: worker id should be larger than 0. Nothing will be sent to any worker thread.
[2024-02-06T11:13:07.892] [DEBUG] debug-file - watch worker: worker id should be larger than 0. Nothing will be sent to any worker thread.
[2024-02-06T11:13:31.992] [DEBUG] debug-file - session manager: set active socket. socketId=SdIMI3m9MO-6kSHmAAAD
[2024-02-06T11:13:32.000] [DEBUG] debug-file - watch worker: worker id should be larger than 0. Nothing will be sent to any worker thread.
[2024-02-06T11:13:32.003] [DEBUG] debug-file - Hvigor init with startParameters:{
  hvigorfileTypeCheck: false,
  parallelExecution: true,
  incrementalExecution: true,
  printStackTrace: false,
  daemon: true,
  analyze: 0,
  logLevel: Level { level: 20000, levelStr: 'INFO', colour: 'green' },
  enableSignTask: true,
  skipNativeIncremental: false,
  poolMaxCoreSize: undefined,
  poolCacheCapacity: undefined,
  poolCacheTtl: undefined
}
[2024-02-06T11:13:32.004] [DEBUG] debug-file - Cache service initialization finished in 1 ms 
[2024-02-06T11:13:32.005] [DEBUG] debug-file - hvigorfile, resolving E:\lcj\flutter_packages\packages\url_launcher\url_launcher_ohos\ohos\hvigorfile.ts
[2024-02-06T11:13:32.011] [DEBUG] debug-file - hvigorfile, require result:  { default: { plugins: [] } }
[2024-02-06T11:13:32.011] [DEBUG] debug-file - hvigorfile, binding system plugins null
[2024-02-06T11:13:32.017] [DEBUG] debug-file - hvigorfile, binding custom plugins []
[2024-02-06T11:13:32.017] [DEBUG] debug-file - hvigorfile, no custom plugins were found in E:\lcj\flutter_packages\packages\url_launcher\url_launcher_ohos\ohos\hvigorfile.ts
[2024-02-06T11:13:32.017] [DEBUG] debug-file - hvigorfile, resolve finished E:\lcj\flutter_packages\packages\url_launcher\url_launcher_ohos\ohos\hvigorfile.ts
[2024-02-06T11:13:32.019] [DEBUG] debug-file - hvigorfile, resolving E:\lcj\flutter_packages\packages\url_launcher\url_launcher_ohos\ohos\url_launcher\hvigorfile.ts
[2024-02-06T11:13:32.023] [DEBUG] debug-file - hvigorfile, require result:  {}
[2024-02-06T11:13:32.023] [DEBUG] debug-file - hvigorfile, binding system plugins {}
[2024-02-06T11:13:32.029] [DEBUG] debug-file - Module url_launcher Collected Dependency: 
[2024-02-06T11:13:32.029] [DEBUG] debug-file - Module url_launcher's total dependency: 0
[2024-02-06T11:13:32.031] [DEBUG] debug-file - Start initialize module-target build option map, moduleName=url_launcher, buildMode=debug
[2024-02-06T11:13:32.031] [DEBUG] debug-file - Target 'default' config: {}
[2024-02-06T11:13:32.031] [DEBUG] debug-file - Module 'url_launcher' target 'default' build option: {
  "debuggable": true,
  "copyFrom": "default"
}
[2024-02-06T11:13:32.031] [DEBUG] debug-file - End initialize module-target build option map, moduleName=url_launcher
[2024-02-06T11:13:32.031] [DEBUG] debug-file - Module 'url_launcher' target 'default' using build option: {
  "debuggable": true,
  "copyFrom": "default"
} in this build.
[2024-02-06T11:13:32.032] [DEBUG] debug-file - require SDK: toolchains,ArkTS; moduleName=url_launcher
[2024-02-06T11:13:32.036] [DEBUG] debug-file - Module url_launcher task initialization takes 3 ms 
[2024-02-06T11:13:32.036] [DEBUG] debug-file - hvigorfile, resolve finished E:\lcj\flutter_packages\packages\url_launcher\url_launcher_ohos\ohos\url_launcher\hvigorfile.ts
[2024-02-06T11:13:32.097] [DEBUG] debug-file - hvigorfile, resolve hvigorfile dependencies in 61 ms 
[2024-02-06T11:13:32.098] [DEBUG] debug-file - Start initialize project's product build option map with build mode debug.
[2024-02-06T11:13:32.098] [DEBUG] debug-file - Picking option from product 'default' with build mode 'debug'.
[2024-02-06T11:13:32.098] [DEBUG] debug-file - Product 'default' build option: {}
[2024-02-06T11:13:32.098] [DEBUG] debug-file - End initialize project's product build option map with build mode 'debug'.
[2024-02-06T11:13:32.099] [DEBUG] debug-file - Module ohos Collected Dependency: 
[2024-02-06T11:13:32.099] [DEBUG] debug-file - Module ohos's total dependency: 0
[2024-02-06T11:13:32.100] [DEBUG] debug-file - Product 'default' using build option: {
  "debuggable": true
} in this build.
[2024-02-06T11:13:32.105] [DEBUG] debug-file - Sdk init in 3 ms 
[2024-02-06T11:13:32.113] [DEBUG] debug-file - Project task initialization takes 8 ms 
[2024-02-06T11:13:32.117] [DEBUG] debug-file - Sdk init in 4 ms 
[2024-02-06T11:13:32.117] [DEBUG] debug-file - project has submodules:url_launcher
[2024-02-06T11:13:32.118] [DEBUG] debug-file - module:url_launcher no need to execute packageHap
[2024-02-06T11:13:32.119] [DEBUG] debug-file - Configuration phase cost:116 ms 
[2024-02-06T11:13:32.120] [DEBUG] debug-file - Configuration task cost before running: 118 ms 
[2024-02-06T11:13:32.124] [DEBUG] debug-file - url_launcher : default@PreBuild start {
  rss: 238379008,
  heapTotal: 113094656,
  heapUsed: 97121120,
  external: 1046117,
  arrayBuffers: 96789
}
[2024-02-06T11:13:32.125] [DEBUG] debug-file - Executing task :url_launcher:default@PreBuild
[2024-02-06T11:13:32.128] [DEBUG] debug-file - current product is not Atomic service.
[2024-02-06T11:13:32.228] [DEBUG] debug-file - Use tool [win32: JAVA_HOME, CLASSPATH]
 [ { JAVA_HOME: 'D:\\DevEco Studio\\jbr' }, { CLASSPATH: undefined } ]
[2024-02-06T11:13:32.229] [DEBUG] debug-file - Use tool [win32: NODE_HOME]
 [ { NODE_HOME: 'C:\\Users\\cjliaoc\\node\\node-18.14.1' } ]
[2024-02-06T11:13:32.253] [DEBUG] debug-file - url_launcher : default@PreBuild end {
  rss: 253820928,
  heapTotal: 133640192,
  heapUsed: 105658096,
  external: 1030435,
  arrayBuffers: 64093
}
[2024-02-06T11:13:32.253] [DEBUG] debug-file - runTaskFromQueue task cost before running: 252 ms 
[2024-02-06T11:13:32.254] [INFO] debug-file - Finished :url_launcher:default@PreBuild... after 130 ms 
[2024-02-06T11:13:32.256] [DEBUG] debug-file - url_launcher : default@CreateHarBuildProfile start {
  rss: 251936768,
  heapTotal: 133640192,
  heapUsed: 105904552,
  external: 1030435,
  arrayBuffers: 65950
}
[2024-02-06T11:13:32.256] [DEBUG] debug-file - Executing task :url_launcher:default@CreateHarBuildProfile
[2024-02-06T11:13:32.260] [DEBUG] debug-file - url_launcher : default@CreateHarBuildProfile end {
  rss: 251981824,
  heapTotal: 133640192,
  heapUsed: 105953304,
  external: 1030435,
  arrayBuffers: 66951
}
[2024-02-06T11:13:32.260] [DEBUG] debug-file - runTaskFromQueue task cost before running: 259 ms 
[2024-02-06T11:13:32.260] [INFO] debug-file - Finished :url_launcher:default@CreateHarBuildProfile... after 4 ms 
[2024-02-06T11:13:32.262] [DEBUG] debug-file - url_launcher : default@ProcessOHPackageJson start {
  rss: 252182528,
  heapTotal: 133640192,
  heapUsed: 106161936,
  external: 1030435,
  arrayBuffers: 68843
}
[2024-02-06T11:13:32.262] [DEBUG] debug-file - Executing task :url_launcher:default@ProcessOHPackageJson
[2024-02-06T11:13:32.265] [DEBUG] debug-file - url_launcher : default@ProcessOHPackageJson end {
  rss: 252272640,
  heapTotal: 133640192,
  heapUsed: 106212576,
  external: 1030435,
  arrayBuffers: 69842
}
[2024-02-06T11:13:32.265] [DEBUG] debug-file - runTaskFromQueue task cost before running: 264 ms 
[2024-02-06T11:13:32.265] [INFO] debug-file - Finished :url_launcher:default@ProcessOHPackageJson... after 3 ms 
[2024-02-06T11:13:32.266] [DEBUG] debug-file - url_launcher : default@ConfigureCmake start {
  rss: 252436480,
  heapTotal: 133640192,
  heapUsed: 106387736,
  external: 1030435,
  arrayBuffers: 71731
}
[2024-02-06T11:13:32.266] [DEBUG] debug-file - Executing task :url_launcher:default@ConfigureCmake
[2024-02-06T11:13:32.267] [DEBUG] debug-file - url_launcher : default@ConfigureCmake end {
  rss: 252469248,
  heapTotal: 133640192,
  heapUsed: 106418472,
  external: 1030435,
  arrayBuffers: 72718
}
[2024-02-06T11:13:32.267] [DEBUG] debug-file - runTaskFromQueue task cost before running: 266 ms 
[2024-02-06T11:13:32.267] [INFO] debug-file - Finished :url_launcher:default@ConfigureCmake... after 1 ms 
[2024-02-06T11:13:32.269] [DEBUG] debug-file - url_launcher : default@MergeProfile start {
  rss: 252653568,
  heapTotal: 133640192,
  heapUsed: 106617304,
  external: 1030435,
  arrayBuffers: 74589
}
[2024-02-06T11:13:32.269] [DEBUG] debug-file - Executing task :url_launcher:default@MergeProfile
[2024-02-06T11:13:32.270] [DEBUG] debug-file - Change app api release type with 'Release'
[2024-02-06T11:13:32.270] [DEBUG] debug-file - Change app compile API version with '4.0.0.58'
[2024-02-06T11:13:32.270] [DEBUG] debug-file - Change app target API version with '40000010'
[2024-02-06T11:13:32.270] [DEBUG] debug-file - Change app minimum API version with '40000010'
[2024-02-06T11:13:32.272] [DEBUG] debug-file - url_launcher : default@MergeProfile end {
  rss: 252805120,
  heapTotal: 133640192,
  heapUsed: 106741304,
  external: 1030435,
  arrayBuffers: 77235
}
[2024-02-06T11:13:32.272] [DEBUG] debug-file - runTaskFromQueue task cost before running: 271 ms 
[2024-02-06T11:13:32.273] [INFO] debug-file - Finished :url_launcher:default@MergeProfile... after 4 ms 
[2024-02-06T11:13:32.273] [DEBUG] debug-file - url_launcher : default@BuildNativeWithCmake start {
  rss: 253005824,
  heapTotal: 133640192,
  heapUsed: 106956520,
  external: 1030435,
  arrayBuffers: 79100
}
[2024-02-06T11:13:32.274] [DEBUG] debug-file - Executing task :url_launcher:default@BuildNativeWithCmake
[2024-02-06T11:13:32.274] [DEBUG] debug-file - url_launcher : default@BuildNativeWithCmake end {
  rss: 253030400,
  heapTotal: 133640192,
  heapUsed: 106982512,
  external: 1030435,
  arrayBuffers: 80099
}
[2024-02-06T11:13:32.274] [DEBUG] debug-file - runTaskFromQueue task cost before running: 273 ms 
[2024-02-06T11:13:32.274] [INFO] debug-file - Finished :url_launcher:default@BuildNativeWithCmake... after 1 ms 
[2024-02-06T11:13:32.277] [DEBUG] debug-file - url_launcher : default@ProcessProfile start {
  rss: 253231104,
  heapTotal: 133640192,
  heapUsed: 107199920,
  external: 1030435,
  arrayBuffers: 81988
}
[2024-02-06T11:13:32.277] [DEBUG] debug-file - Executing task :url_launcher:default@ProcessProfile
[2024-02-06T11:13:32.278] [DEBUG] debug-file - [
  'C:\\Users\\cjliaoc\\node\\node-18.14.1\\node.exe',
  'D:\\env\\sdk\\HarmonyOS-NEXT-DP0\\base\\ets\\build-tools\\ets-loader\\bin\\ark\\ts2abc.js',
  '--target-api-version',
  '10'
]
[2024-02-06T11:13:46.740] [DEBUG] debug-file - 9.0.0.0
[2024-02-06T11:13:46.741] [DEBUG] debug-file - url_launcher : default@ProcessProfile end {
  rss: 255115264,
  heapTotal: 133640192,
  heapUsed: 109123520,
  external: 1085968,
  arrayBuffers: 139491
}
[2024-02-06T11:13:46.741] [DEBUG] debug-file - runTaskFromQueue task cost before running: 14 s 740 ms 
[2024-02-06T11:13:46.742] [INFO] debug-file - Finished :url_launcher:default@ProcessProfile... after 14 s 466 ms 
[2024-02-06T11:13:46.743] [DEBUG] debug-file - url_launcher : default@BuildNativeWithNinja start {
  rss: 255315968,
  heapTotal: 133640192,
  heapUsed: 109342080,
  external: 1085968,
  arrayBuffers: 141382
}
[2024-02-06T11:13:46.743] [DEBUG] debug-file - Executing task :url_launcher:default@BuildNativeWithNinja
[2024-02-06T11:13:46.745] [DEBUG] debug-file - url_launcher : default@BuildNativeWithNinja end {
  rss: 255393792,
  heapTotal: 133640192,
  heapUsed: 109421264,
  external: 1085968,
  arrayBuffers: 142382
}
[2024-02-06T11:13:46.745] [DEBUG] debug-file - runTaskFromQueue task cost before running: 14 s 744 ms 
[2024-02-06T11:13:46.746] [INFO] debug-file - Finished :url_launcher:default@BuildNativeWithNinja... after 3 ms 
[2024-02-06T11:13:46.751] [DEBUG] debug-file - url_launcher : default@LintArkTS start {
  rss: 255787008,
  heapTotal: 133640192,
  heapUsed: 109825672,
  external: 1085968,
  arrayBuffers: 144277
}
[2024-02-06T11:13:46.751] [DEBUG] debug-file - Executing task :url_launcher:default@LintArkTS
[2024-02-06T11:13:46.760] [DEBUG] debug-file - default@LintArkTS work[0] is submitted.
[2024-02-06T11:13:46.761] [DEBUG] debug-file - default@LintArkTS work[0] is pushed to ready queue.
[2024-02-06T11:13:46.762] [DEBUG] debug-file - default@LintArkTS work[0] has been dispatched to worker[0].
[2024-02-06T11:13:46.762] [DEBUG] debug-file - default@LintArkTS work[0] is dispatched.
[2024-02-06T11:13:46.762] [DEBUG] debug-file - url_launcher : default@LintArkTS end {
  rss: 256675840,
  heapTotal: 105590784,
  heapUsed: 99190520,
  external: 1038627,
  arrayBuffers: 73958
}
[2024-02-06T11:13:46.765] [DEBUG] debug-file - restool module names: url_launcher; moduleName=url_launcher, taskName=default@ProcessResource
[2024-02-06T11:13:46.766] [DEBUG] debug-file - url_launcher : default@ProcessResource start {
  rss: 256921600,
  heapTotal: 105590784,
  heapUsed: 99403768,
  external: 1038627,
  arrayBuffers: 74979
}
[2024-02-06T11:13:46.769] [DEBUG] debug-file - Executing task :url_launcher:default@ProcessResource
[2024-02-06T11:13:46.770] [DEBUG] debug-file - url_launcher : default@ProcessResource end {
  rss: 239255552,
  heapTotal: 105590784,
  heapUsed: 99547728,
  external: 1038627,
  arrayBuffers: 75967
}
[2024-02-06T11:13:46.773] [DEBUG] debug-file - runTaskFromQueue task cost before running: 14 s 772 ms 
[2024-02-06T11:13:46.776] [INFO] debug-file - Finished :url_launcher:default@ProcessResource... after 10 ms 
[2024-02-06T11:13:46.778] [DEBUG] debug-file - url_launcher : default@ProcessLibs start {
  rss: 239620096,
  heapTotal: 105590784,
  heapUsed: 100146568,
  external: 1046819,
  arrayBuffers: 86039
}
[2024-02-06T11:13:46.779] [DEBUG] debug-file - Executing task :url_launcher:default@ProcessLibs
[2024-02-06T11:13:46.780] [DEBUG] debug-file - Libs: E:\lcj\flutter_packages\packages\url_launcher\url_launcher_ohos\ohos\url_launcher\build\default\intermediates\cmake\default\obj
E:\lcj\flutter_packages\packages\url_launcher\url_launcher_ohos\ohos\url_launcher\libs
[2024-02-06T11:13:46.787] [DEBUG] debug-file - Collect files: 
[2024-02-06T11:13:46.789] [DEBUG] debug-file - Collect files: 
[2024-02-06T11:13:46.789] [DEBUG] debug-file - []
[2024-02-06T11:13:46.790] [DEBUG] debug-file - url_launcher : default@ProcessLibs end {
  rss: 239407104,
  heapTotal: 105852928,
  heapUsed: 100707720,
  external: 1049891,
  arrayBuffers: 91892
}
[2024-02-06T11:13:46.790] [DEBUG] debug-file - runTaskFromQueue task cost before running: 14 s 788 ms 
[2024-02-06T11:13:46.790] [INFO] debug-file - Finished :url_launcher:default@ProcessLibs... after 12 ms 
[2024-02-06T11:13:46.792] [DEBUG] debug-file - restool module names: url_launcher; moduleName=url_launcher, taskName=default@CompileResource
[2024-02-06T11:13:46.795] [DEBUG] debug-file - url_launcher : default@CompileResource start {
  rss: 239611904,
  heapTotal: 105852928,
  heapUsed: 101024280,
  external: 1049891,
  arrayBuffers: 94225
}
[2024-02-06T11:13:46.795] [DEBUG] debug-file - Executing task :url_launcher:default@CompileResource
[2024-02-06T11:13:46.804] [DEBUG] debug-file - Use tool [D:\env\sdk\HarmonyOS-NEXT-DP0\base\toolchains\restool.exe]
 [
  'D:\\env\\sdk\\HarmonyOS-NEXT-DP0\\base\\toolchains\\restool.exe',
  '-l',
  'E:\\lcj\\flutter_packages\\packages\\url_launcher\\url_launcher_ohos\\ohos\\url_launcher\\build\\default\\intermediates\\res\\default\\resConfig.json'
]
[2024-02-06T11:13:46.805] [DEBUG] debug-file - current process  memoryUsage: {
  rss: 227553280,
  heapTotal: 96940032,
  heapUsed: 86036976,
  external: 1041367,
  arrayBuffers: 75782
} os memoryUsage :14.299755096435547
[2024-02-06T11:13:47.988] [DEBUG] debug-file - Info: restool resources compile success.

[2024-02-06T11:13:47.993] [DEBUG] debug-file - url_launcher : default@CompileResource end {
  rss: 285007872,
  heapTotal: 91435008,
  heapUsed: 85307248,
  external: 1021335,
  arrayBuffers: 54993
}
[2024-02-06T11:13:47.993] [DEBUG] debug-file - runTaskFromQueue task cost before running: 15 s 992 ms 
[2024-02-06T11:13:47.994] [INFO] debug-file - Finished :url_launcher:default@CompileResource... after 1 s 199 ms 
[2024-02-06T11:13:47.997] [DEBUG] debug-file - url_launcher : default@DoNativeStrip start {
  rss: 285208576,
  heapTotal: 91435008,
  heapUsed: 85601000,
  external: 1029527,
  arrayBuffers: 65074
}
[2024-02-06T11:13:47.997] [DEBUG] debug-file - Executing task :url_launcher:default@DoNativeStrip
[2024-02-06T11:13:47.998] [DEBUG] debug-file - Start executing task ,{} DoNativeStrip
[2024-02-06T11:13:47.999] [DEBUG] debug-file - do not need strip,now start copy so file in libs
[2024-02-06T11:13:48.002] [DEBUG] debug-file - strip task all done
[2024-02-06T11:13:48.002] [DEBUG] debug-file - do not need strip,copied so file in libs
[2024-02-06T11:13:48.002] [DEBUG] debug-file - Task execution end,{} DoNativeStrip
[2024-02-06T11:13:48.002] [DEBUG] debug-file - url_launcher : default@DoNativeStrip end {
  rss: 285773824,
  heapTotal: 92483584,
  heapUsed: 84963216,
  external: 1030937,
  arrayBuffers: 66232
}
[2024-02-06T11:13:48.002] [DEBUG] debug-file - runTaskFromQueue task cost before running: 16 s 
[2024-02-06T11:13:48.003] [INFO] debug-file - Finished :url_launcher:default@DoNativeStrip... after 6 ms 
[2024-02-06T11:13:48.005] [DEBUG] debug-file - url_launcher : default@ProcessObfuscationFiles start {
  rss: 286109696,
  heapTotal: 92483584,
  heapUsed: 85185568,
  external: 1030937,
  arrayBuffers: 68096
}
[2024-02-06T11:13:48.005] [DEBUG] debug-file - Executing task :url_launcher:default@ProcessObfuscationFiles
[2024-02-06T11:13:48.005] [DEBUG] debug-file - url_launcher : default@ProcessObfuscationFiles end {
  rss: 286179328,
  heapTotal: 92483584,
  heapUsed: 85225208,
  external: 1030937,
  arrayBuffers: 69099
}
[2024-02-06T11:13:48.005] [DEBUG] debug-file - runTaskFromQueue task cost before running: 16 s 4 ms 
[2024-02-06T11:13:48.005] [INFO] debug-file - Finished :url_launcher:default@ProcessObfuscationFiles... after 1 ms 
[2024-02-06T11:13:48.008] [DEBUG] debug-file - url_launcher : default@CacheNativeLibs start {
  rss: 286765056,
  heapTotal: 92483584,
  heapUsed: 85502280,
  external: 1030937,
  arrayBuffers: 70998
}
[2024-02-06T11:13:48.008] [DEBUG] debug-file - Executing task :url_launcher:default@CacheNativeLibs
[2024-02-06T11:13:48.009] [DEBUG] debug-file - cache-native-libs start
[2024-02-06T11:13:48.014] [DEBUG] debug-file - cache-native-libs end
[2024-02-06T11:13:48.014] [DEBUG] debug-file - url_launcher : default@CacheNativeLibs end {
  rss: 288464896,
  heapTotal: 92483584,
  heapUsed: 84891296,
  external: 1030937,
  arrayBuffers: 63451
}
[2024-02-06T11:13:48.014] [DEBUG] debug-file - runTaskFromQueue task cost before running: 16 s 13 ms 
[2024-02-06T11:13:48.015] [INFO] debug-file - Finished :url_launcher:default@CacheNativeLibs... after 7 ms 
[2024-02-06T11:13:58.274] [INFO] debug-file - [33mWARN: [33mArkTS:WARN File: E:/lcj/flutter_packages/packages/url_launcher/url_launcher_ohos/ohos/oh_modules/.ohpm/@ohos+flutter_ohos@znyxrfjxuun4wec4+udi+xiu7nw=/oh_modules/@ohos/flutter_ohos/src/main/ets/util/Log.ets:50:50
 Usage of "ESObject" type is restricted (arkts-limited-esobj)
[39m
[33mWARN: [33mArkTS:WARN File: E:/lcj/flutter_packages/packages/url_launcher/url_launcher_ohos/ohos/oh_modules/.ohpm/@ohos+flutter_ohos@znyxrfjxuun4wec4+udi+xiu7nw=/oh_modules/@ohos/flutter_ohos/src/main/ets/util/Log.ets:64:50
 Usage of "ESObject" type is restricted (arkts-limited-esobj)
[39m
[33mWARN: [33mArkTS:WARN File: E:/lcj/flutter_packages/packages/url_launcher/url_launcher_ohos/ohos/oh_modules/.ohpm/@ohos+flutter_ohos@znyxrfjxuun4wec4+udi+xiu7nw=/oh_modules/@ohos/flutter_ohos/src/main/ets/util/Log.ets:78:50
 Usage of "ESObject" type is restricted (arkts-limited-esobj)
[39m
[33mWARN: [33mArkTS:WARN File: E:/lcj/flutter_packages/packages/url_launcher/url_launcher_ohos/ohos/oh_modules/.ohpm/@ohos+flutter_ohos@znyxrfjxuun4wec4+udi+xiu7nw=/oh_modules/@ohos/flutter_ohos/src/main/ets/util/Log.ets:92:50
 Usage of "ESObject" type is restricted (arkts-limited-esobj)
[39m
[33mWARN: [33mArkTS:WARN File: E:/lcj/flutter_packages/packages/url_launcher/url_launcher_ohos/ohos/oh_modules/.ohpm/@ohos+flutter_ohos@znyxrfjxuun4wec4+udi+xiu7nw=/oh_modules/@ohos/flutter_ohos/src/main/ets/util/Log.ets:106:50
 Usage of "ESObject" type is restricted (arkts-limited-esobj)
[39m
[33mWARN: [33mArkTS:WARN File: E:/lcj/flutter_packages/packages/url_launcher/url_launcher_ohos/ohos/oh_modules/.ohpm/@ohos+flutter_ohos@znyxrfjxuun4wec4+udi+xiu7nw=/oh_modules/@ohos/flutter_ohos/src/main/ets/view/DynamicView/dynamicView.ets:72:12
 Usage of "ESObject" type is restricted (arkts-limited-esobj)
[39m
[33mWARN: [33mArkTS:WARN File: E:/lcj/flutter_packages/packages/url_launcher/url_launcher_ohos/ohos/oh_modules/.ohpm/@ohos+flutter_ohos@znyxrfjxuun4wec4+udi+xiu7nw=/oh_modules/@ohos/flutter_ohos/src/main/ets/view/DynamicView/dynamicView.ets:74:120
 Usage of "ESObject" type is restricted (arkts-limited-esobj)
[39m
[33mWARN: [33mArkTS:WARN File: E:/lcj/flutter_packages/packages/url_launcher/url_launcher_ohos/ohos/oh_modules/.ohpm/@ohos+flutter_ohos@znyxrfjxuun4wec4+udi+xiu7nw=/oh_modules/@ohos/flutter_ohos/src/main/ets/view/DynamicView/dynamicView.ets:135:71
 Usage of "ESObject" type is restricted (arkts-limited-esobj)
[39m
[33mWARN: [33mArkTS:WARN File: E:/lcj/flutter_packages/packages/url_launcher/url_launcher_ohos/ohos/oh_modules/.ohpm/@ohos+flutter_ohos@znyxrfjxuun4wec4+udi+xiu7nw=/oh_modules/@ohos/flutter_ohos/src/main/ets/view/DynamicView/dynamicView.ets:135:137
 Usage of "ESObject" type is restricted (arkts-limited-esobj)
[39m
[33mWARN: [33mArkTS:WARN File: E:/lcj/flutter_packages/packages/url_launcher/url_launcher_ohos/ohos/oh_modules/.ohpm/@ohos+flutter_ohos@znyxrfjxuun4wec4+udi+xiu7nw=/oh_modules/@ohos/flutter_ohos/src/main/ets/view/DynamicView/dynamicView.ets:136:44
 Usage of "ESObject" type is restricted (arkts-limited-esobj)
[39m
[33mWARN: [33mArkTS:WARN File: E:/lcj/flutter_packages/packages/url_launcher/url_launcher_ohos/ohos/oh_modules/.ohpm/@ohos+flutter_ohos@znyxrfjxuun4wec4+udi+xiu7nw=/oh_modules/@ohos/flutter_ohos/src/main/ets/view/DynamicView/dynamicView.ets:140:58
 Usage of "ESObject" type is restricted (arkts-limited-esobj)
[39m
[33mWARN: [33mArkTS:WARN File: E:/lcj/flutter_packages/packages/url_launcher/url_launcher_ohos/ohos/oh_modules/.ohpm/@ohos+flutter_ohos@znyxrfjxuun4wec4+udi+xiu7nw=/oh_modules/@ohos/flutter_ohos/src/main/ets/view/DynamicView/dynamicView.ets:140:111
 Usage of "ESObject" type is restricted (arkts-limited-esobj)
[39m
[33mWARN: [33mArkTS:WARN File: E:/lcj/flutter_packages/packages/url_launcher/url_launcher_ohos/ohos/oh_modules/.ohpm/@ohos+flutter_ohos@znyxrfjxuun4wec4+udi+xiu7nw=/oh_modules/@ohos/flutter_ohos/src/main/ets/view/DynamicView/dynamicView.ets:141:44
 Usage of "ESObject" type is restricted (arkts-limited-esobj)
[39m
[33mWARN: [33mArkTS:WARN File: E:/lcj/flutter_packages/packages/url_launcher/url_launcher_ohos/ohos/oh_modules/.ohpm/@ohos+flutter_ohos@znyxrfjxuun4wec4+udi+xiu7nw=/oh_modules/@ohos/flutter_ohos/src/main/ets/view/DynamicView/dynamicView.ets:186:15
 Usage of "ESObject" type is restricted (arkts-limited-esobj)
[39m
[33mWARN: [33mArkTS:WARN File: E:/lcj/flutter_packages/packages/url_launcher/url_launcher_ohos/ohos/oh_modules/.ohpm/@ohos+flutter_ohos@znyxrfjxuun4wec4+udi+xiu7nw=/oh_modules/@ohos/flutter_ohos/src/main/ets/view/DynamicView/dynamicView.ets:195:15
 Usage of "ESObject" type is restricted (arkts-limited-esobj)
[39m
[33mWARN: [33mArkTS:WARN File: E:/lcj/flutter_packages/packages/url_launcher/url_launcher_ohos/ohos/oh_modules/.ohpm/@ohos+flutter_ohos@znyxrfjxuun4wec4+udi+xiu7nw=/oh_modules/@ohos/flutter_ohos/src/main/ets/plugin/platform/PlatformViewFactory.ets:21:41
 Usage of "ESObject" type is restricted (arkts-limited-esobj)
[39m
[33mWARN: [33mArkTS:WARN File: E:/lcj/flutter_packages/packages/url_launcher/url_launcher_ohos/ohos/oh_modules/.ohpm/@ohos+flutter_ohos@znyxrfjxuun4wec4+udi+xiu7nw=/oh_modules/@ohos/flutter_ohos/src/main/ets/plugin/platform/PlatformViewFactory.ets:24:45
 Usage of "ESObject" type is restricted (arkts-limited-esobj)
[39m
[33mWARN: [33mArkTS:WARN File: E:/lcj/flutter_packages/packages/url_launcher/url_launcher_ohos/ohos/oh_modules/.ohpm/@ohos+flutter_ohos@znyxrfjxuun4wec4+udi+xiu7nw=/oh_modules/@ohos/flutter_ohos/src/main/ets/plugin/platform/PlatformViewFactory.ets:38:73
 Usage of "ESObject" type is restricted (arkts-limited-esobj)
[39m
[33mWARN: [33mArkTS:WARN File: E:/lcj/flutter_packages/packages/url_launcher/url_launcher_ohos/ohos/oh_modules/.ohpm/@ohos+flutter_ohos@znyxrfjxuun4wec4+udi+xiu7nw=/oh_modules/@ohos/flutter_ohos/src/main/ets/plugin/platform/PlatformViewFactory.ets:41:38
 Usage of "ESObject" type is restricted (arkts-limited-esobj)
[39m
[33mWARN: [33mArkTS:WARN File: E:/lcj/flutter_packages/packages/url_launcher/url_launcher_ohos/ohos/oh_modules/.ohpm/@ohos+flutter_ohos@znyxrfjxuun4wec4+udi+xiu7nw=/oh_modules/@ohos/flutter_ohos/src/main/ets/util/ToolUtils.ets:21:35
 Usage of "ESObject" type is restricted (arkts-limited-esobj)
[39m
[33mWARN: [33mArkTS:WARN File: E:/lcj/flutter_packages/packages/url_launcher/url_launcher_ohos/ohos/oh_modules/.ohpm/@ohos+flutter_ohos@znyxrfjxuun4wec4+udi+xiu7nw=/oh_modules/@ohos/flutter_ohos/src/main/ets/plugin/common/MethodCall.ets:29:9
 Usage of "ESObject" type is restricted (arkts-limited-esobj)
[39m
[33mWARN: [33mArkTS:WARN File: E:/lcj/flutter_packages/packages/url_launcher/url_launcher_ohos/ohos/oh_modules/.ohpm/@ohos+flutter_ohos@znyxrfjxuun4wec4+udi+xiu7nw=/oh_modules/@ohos/flutter_ohos/src/main/ets/plugin/common/MethodCall.ets:31:37
 Usage of "ESObject" type is restricted (arkts-limited-esobj)
[39m
[33mWARN: [33mArkTS:WARN File: E:/lcj/flutter_packages/packages/url_launcher/url_launcher_ohos/ohos/oh_modules/.ohpm/@ohos+flutter_ohos@znyxrfjxuun4wec4+udi+xiu7nw=/oh_modules/@ohos/flutter_ohos/src/main/ets/plugin/common/MethodCall.ets:36:26
 Usage of "ESObject" type is restricted (arkts-limited-esobj)
[39m
[33mWARN: [33mArkTS:WARN File: E:/lcj/flutter_packages/packages/url_launcher/url_launcher_ohos/ohos/oh_modules/.ohpm/@ohos+flutter_ohos@znyxrfjxuun4wec4+udi+xiu7nw=/oh_modules/@ohos/flutter_ohos/src/main/ets/plugin/common/MethodCall.ets:40:32
 Usage of "ESObject" type is restricted (arkts-limited-esobj)
[39m
[33mWARN: [33mArkTS:WARN File: E:/lcj/flutter_packages/packages/url_launcher/url_launcher_ohos/ohos/oh_modules/.ohpm/@ohos+flutter_ohos@znyxrfjxuun4wec4+udi+xiu7nw=/oh_modules/@ohos/flutter_ohos/src/main/ets/plugin/common/MethodCall.ets:40:42
 Usage of "ESObject" type is restricted (arkts-limited-esobj)
[39m
[33mWARN: [33mArkTS:WARN File: E:/lcj/flutter_packages/packages/url_launcher/url_launcher_ohos/ohos/oh_modules/.ohpm/@ohos+flutter_ohos@znyxrfjxuun4wec4+udi+xiu7nw=/oh_modules/@ohos/flutter_ohos/src/main/ets/plugin/common/MethodCall.ets:52:32
 Usage of "ESObject" type is restricted (arkts-limited-esobj)
[39m
[33mWARN: [33mArkTS:WARN File: E:/lcj/flutter_packages/packages/url_launcher/url_launcher_ohos/ohos/oh_modules/.ohpm/@ohos+flutter_ohos@znyxrfjxuun4wec4+udi+xiu7nw=/oh_modules/@ohos/flutter_ohos/src/main/ets/plugin/common/MethodCall.ets:52:42
 Usage of "ESObject" type is restricted (arkts-limited-esobj)
[39m
[33mWARN: [33mArkTS:WARN File: E:/lcj/flutter_packages/packages/url_launcher/url_launcher_ohos/ohos/oh_modules/.ohpm/@ohos+flutter_ohos@znyxrfjxuun4wec4+udi+xiu7nw=/oh_modules/@ohos/flutter_ohos/src/main/ets/plugin/common/MethodCodec.ets:52:33
 Usage of "ESObject" type is restricted (arkts-limited-esobj)
[39m
[33mWARN: [33mArkTS:WARN File: E:/lcj/flutter_packages/packages/url_launcher/url_launcher_ohos/ohos/oh_modules/.ohpm/@ohos+flutter_ohos@znyxrfjxuun4wec4+udi+xiu7nw=/oh_modules/@ohos/flutter_ohos/src/main/ets/plugin/common/MethodCodec.ets:64:78
 Usage of "ESObject" type is restricted (arkts-limited-esobj)
[39m
[33mWARN: [33mArkTS:WARN File: E:/lcj/flutter_packages/packages/url_launcher/url_launcher_ohos/ohos/oh_modules/.ohpm/@ohos+flutter_ohos@znyxrfjxuun4wec4+udi+xiu7nw=/oh_modules/@ohos/flutter_ohos/src/main/ets/plugin/common/MethodCodec.ets:77:92
 Usage of "ESObject" type is restricted (arkts-limited-esobj)
[39m
[33mWARN: [33mArkTS:WARN File: E:/lcj/flutter_packages/packages/url_launcher/url_launcher_ohos/ohos/oh_modules/.ohpm/@ohos+flutter_ohos@znyxrfjxuun4wec4+udi+xiu7nw=/oh_modules/@ohos/flutter_ohos/src/main/ets/plugin/common/MethodCodec.ets:86:42
 Usage of "ESObject" type is restricted (arkts-limited-esobj)
[39m
[33mWARN: [33mArkTS:WARN File: E:/lcj/flutter_packages/packages/url_launcher/url_launcher_ohos/ohos/oh_modules/.ohpm/@ohos+flutter_ohos@znyxrfjxuun4wec4+udi+xiu7nw=/oh_modules/@ohos/flutter_ohos/src/main/ets/plugin/common/FlutterException.ets:21:12
 Usage of "ESObject" type is restricted (arkts-limited-esobj)
[39m
[33mWARN: [33mArkTS:WARN File: E:/lcj/flutter_packages/packages/url_launcher/url_launcher_ohos/ohos/oh_modules/.ohpm/@ohos+flutter_ohos@znyxrfjxuun4wec4+udi+xiu7nw=/oh_modules/@ohos/flutter_ohos/src/main/ets/plugin/common/FlutterException.ets:23:55
 Usage of "ESObject" type is restricted (arkts-limited-esobj)
[39m
[33mWARN: [33mArkTS:WARN File: E:/lcj/flutter_packages/packages/url_launcher/url_launcher_ohos/ohos/oh_modules/.ohpm/@ohos+flutter_ohos@znyxrfjxuun4wec4+udi+xiu7nw=/oh_modules/@ohos/flutter_ohos/src/main/ets/plugin/common/StandardMessageCodec.ets:63:67
 Usage of "ESObject" type is restricted (arkts-limited-esobj)
[39m
[33mWARN: [33mArkTS:WARN File: E:/lcj/flutter_packages/packages/url_launcher/url_launcher_ohos/ohos/oh_modules/.ohpm/@ohos+flutter_ohos@znyxrfjxuun4wec4+udi+xiu7nw=/oh_modules/@ohos/flutter_ohos/src/main/ets/plugin/common/StandardMessageCodec.ets:67:28
 Usage of "ESObject" type is restricted (arkts-limited-esobj)
[39m
[33mWARN: [33mArkTS:WARN File: E:/lcj/flutter_packages/packages/url_launcher/url_launcher_ohos/ohos/oh_modules/.ohpm/@ohos+flutter_ohos@znyxrfjxuun4wec4+udi+xiu7nw=/oh_modules/@ohos/flutter_ohos/src/main/ets/plugin/common/StandardMessageCodec.ets:73:42
 Usage of "ESObject" type is restricted (arkts-limited-esobj)
[39m
[33mWARN: [33mArkTS:WARN File: E:/lcj/flutter_packages/packages/url_launcher/url_launcher_ohos/ohos/oh_modules/.ohpm/@ohos+flutter_ohos@znyxrfjxuun4wec4+udi+xiu7nw=/oh_modules/@ohos/flutter_ohos/src/main/ets/plugin/common/StandardMessageCodec.ets:98:43
 Usage of "ESObject" type is restricted (arkts-limited-esobj)
[39m
[33mWARN: [33mArkTS:WARN File: E:/lcj/flutter_packages/packages/url_launcher/url_launcher_ohos/ohos/oh_modules/.ohpm/@ohos+flutter_ohos@znyxrfjxuun4wec4+udi+xiu7nw=/oh_modules/@ohos/flutter_ohos/src/main/ets/plugin/common/StandardMessageCodec.ets:98:54
 Usage of "ESObject" type is restricted (arkts-limited-esobj)
[39m
[33mWARN: [33mArkTS:WARN File: E:/lcj/flutter_packages/packages/url_launcher/url_launcher_ohos/ohos/oh_modules/.ohpm/@ohos+flutter_ohos@znyxrfjxuun4wec4+udi+xiu7nw=/oh_modules/@ohos/flutter_ohos/src/main/ets/plugin/common/StandardMessageCodec.ets:155:34
 Usage of "ESObject" type is restricted (arkts-limited-esobj)
[39m
[33mWARN: [33mArkTS:WARN File: E:/lcj/flutter_packages/packages/url_launcher/url_launcher_ohos/ohos/oh_modules/.ohpm/@ohos+flutter_ohos@znyxrfjxuun4wec4+udi+xiu7nw=/oh_modules/@ohos/flutter_ohos/src/main/ets/plugin/common/StandardMessageCodec.ets:159:35
 Usage of "ESObject" type is restricted (arkts-limited-esobj)
[39m
[33mWARN: [33mArkTS:WARN File: E:/lcj/flutter_packages/packages/url_launcher/url_launcher_ohos/ohos/oh_modules/.ohpm/@ohos+flutter_ohos@znyxrfjxuun4wec4+udi+xiu7nw=/oh_modules/@ohos/flutter_ohos/src/main/ets/plugin/common/StandardMessageCodec.ets:159:50
 Usage of "ESObject" type is restricted (arkts-limited-esobj)
[39m
[33mWARN: [33mArkTS:WARN File: E:/lcj/flutter_packages/packages/url_launcher/url_launcher_ohos/ohos/oh_modules/.ohpm/@ohos+flutter_ohos@znyxrfjxuun4wec4+udi+xiu7nw=/oh_modules/@ohos/flutter_ohos/src/main/ets/plugin/common/StandardMessageCodec.ets:164:34
 Usage of "ESObject" type is restricted (arkts-limited-esobj)
[39m
[33mWARN: [33mArkTS:WARN File: E:/lcj/flutter_packages/packages/url_launcher/url_launcher_ohos/ohos/oh_modules/.ohpm/@ohos+flutter_ohos@znyxrfjxuun4wec4+udi+xiu7nw=/oh_modules/@ohos/flutter_ohos/src/main/ets/plugin/common/StandardMessageCodec.ets:220:36
 Usage of "ESObject" type is restricted (arkts-limited-esobj)
[39m
[33mWARN: [33mArkTS:WARN File: E:/lcj/flutter_packages/packages/url_launcher/url_launcher_ohos/ohos/oh_modules/.ohpm/@ohos+flutter_ohos@znyxrfjxuun4wec4+udi+xiu7nw=/oh_modules/@ohos/flutter_ohos/src/main/ets/plugin/common/StandardMessageCodec.ets:234:56
 Usage of "ESObject" type is restricted (arkts-limited-esobj)
[39m
[33mWARN: [33mArkTS:WARN File: E:/lcj/flutter_packages/packages/url_launcher/url_launcher_ohos/ohos/oh_modules/.ohpm/@ohos+flutter_ohos@znyxrfjxuun4wec4+udi+xiu7nw=/oh_modules/@ohos/flutter_ohos/src/main/ets/plugin/common/StandardMessageCodec.ets:238:17
 Usage of "ESObject" type is restricted (arkts-limited-esobj)
[39m
[33mWARN: [33mArkTS:WARN File: E:/lcj/flutter_packages/packages/url_launcher/url_launcher_ohos/ohos/oh_modules/.ohpm/@ohos+flutter_ohos@znyxrfjxuun4wec4+udi+xiu7nw=/oh_modules/@ohos/flutter_ohos/src/main/ets/plugin/common/StandardMessageCodec.ets:241:17
 Usage of "ESObject" type is restricted (arkts-limited-esobj)
[39m
[33mWARN: [33mArkTS:WARN File: E:/lcj/flutter_packages/packages/url_launcher/url_launcher_ohos/ohos/oh_modules/.ohpm/@ohos+flutter_ohos@znyxrfjxuun4wec4+udi+xiu7nw=/oh_modules/@ohos/flutter_ohos/src/main/ets/plugin/common/StandardMessageCodec.ets:244:17
 Usage of "ESObject" type is restricted (arkts-limited-esobj)
[39m
[33mWARN: [33mArkTS:WARN File: E:/lcj/flutter_packages/packages/url_launcher/url_launcher_ohos/ohos/oh_modules/.ohpm/@ohos+flutter_ohos@znyxrfjxuun4wec4+udi+xiu7nw=/oh_modules/@ohos/flutter_ohos/src/main/ets/plugin/common/StandardMessageCodec.ets:247:17
 Usage of "ESObject" type is restricted (arkts-limited-esobj)
[39m
[33mWARN: [33mArkTS:WARN File: E:/lcj/flutter_packages/packages/url_launcher/url_launcher_ohos/ohos/oh_modules/.ohpm/@ohos+flutter_ohos@znyxrfjxuun4wec4+udi+xiu7nw=/oh_modules/@ohos/flutter_ohos/src/main/ets/plugin/common/StandardMessageCodec.ets:250:17
 Usage of "ESObject" type is restricted (arkts-limited-esobj)
[39m
[33mWARN: [33mArkTS:WARN File: E:/lcj/flutter_packages/packages/url_launcher/url_launcher_ohos/ohos/oh_modules/.ohpm/@ohos+flutter_ohos@znyxrfjxuun4wec4+udi+xiu7nw=/oh_modules/@ohos/flutter_ohos/src/main/ets/plugin/common/StandardMessageCodec.ets:253:17
 Usage of "ESObject" type is restricted (arkts-limited-esobj)
[39m
[33mWARN: [33mArkTS:WARN File: E:/lcj/flutter_packages/packages/url_launcher/url_launcher_ohos/ohos/oh_modules/.ohpm/@ohos+flutter_ohos@znyxrfjxuun4wec4+udi+xiu7nw=/oh_modules/@ohos/flutter_ohos/src/main/ets/plugin/common/StandardMessageCodec.ets:257:17
 Usage of "ESObject" type is restricted (arkts-limited-esobj)
[39m
[33mWARN: [33mArkTS:WARN File: E:/lcj/flutter_packages/packages/url_launcher/url_launcher_ohos/ohos/oh_modules/.ohpm/@ohos+flutter_ohos@znyxrfjxuun4wec4+udi+xiu7nw=/oh_modules/@ohos/flutter_ohos/src/main/ets/plugin/common/StandardMessageCodec.ets:261:17
 Usage of "ESObject" type is restricted (arkts-limited-esobj)
[39m
[33mWARN: [33mArkTS:WARN File: E:/lcj/flutter_packages/packages/url_launcher/url_launcher_ohos/ohos/oh_modules/.ohpm/@ohos+flutter_ohos@znyxrfjxuun4wec4+udi+xiu7nw=/oh_modules/@ohos/flutter_ohos/src/main/ets/plugin/common/StandardMessageCodec.ets:265:17
 Usage of "ESObject" type is restricted (arkts-limited-esobj)
[39m
[33mWARN: [33mArkTS:WARN File: E:/lcj/flutter_packages/packages/url_launcher/url_launcher_ohos/ohos/oh_modules/.ohpm/@ohos+flutter_ohos@znyxrfjxuun4wec4+udi+xiu7nw=/oh_modules/@ohos/flutter_ohos/src/main/ets/plugin/common/StandardMessageCodec.ets:275:17
 Usage of "ESObject" type is restricted (arkts-limited-esobj)
[39m
[33mWARN: [33mArkTS:WARN File: E:/lcj/flutter_packages/packages/url_launcher/url_launcher_ohos/ohos/oh_modules/.ohpm/@ohos+flutter_ohos@znyxrfjxuun4wec4+udi+xiu7nw=/oh_modules/@ohos/flutter_ohos/src/main/ets/plugin/common/StandardMessageCodec.ets:285:17
 Usage of "ESObject" type is restricted (arkts-limited-esobj)
[39m
[33mWARN: [33mArkTS:WARN File: E:/lcj/flutter_packages/packages/url_launcher/url_launcher_ohos/ohos/oh_modules/.ohpm/@ohos+flutter_ohos@znyxrfjxuun4wec4+udi+xiu7nw=/oh_modules/@ohos/flutter_ohos/src/main/ets/plugin/common/StandardMessageCodec.ets:295:17
 Usage of "ESObject" type is restricted (arkts-limited-esobj)
[39m
[33mWARN: [33mArkTS:WARN File: E:/lcj/flutter_packages/packages/url_launcher/url_launcher_ohos/ohos/oh_modules/.ohpm/@ohos+flutter_ohos@znyxrfjxuun4wec4+udi+xiu7nw=/oh_modules/@ohos/flutter_ohos/src/main/ets/plugin/common/StandardMessageCodec.ets:300:34
 Usage of "ESObject" type is restricted (arkts-limited-esobj)
[39m
[33mWARN: [33mArkTS:WARN File: E:/lcj/flutter_packages/packages/url_launcher/url_launcher_ohos/ohos/oh_modules/.ohpm/@ohos+flutter_ohos@znyxrfjxuun4wec4+udi+xiu7nw=/oh_modules/@ohos/flutter_ohos/src/main/ets/plugin/common/StandardMessageCodec.ets:304:17
 Usage of "ESObject" type is restricted (arkts-limited-esobj)
[39m
[33mWARN: [33mArkTS:WARN File: E:/lcj/flutter_packages/packages/url_launcher/url_launcher_ohos/ohos/oh_modules/.ohpm/@ohos+flutter_ohos@znyxrfjxuun4wec4+udi+xiu7nw=/oh_modules/@ohos/flutter_ohos/src/main/ets/plugin/common/StandardMessageCodec.ets:309:30
 Usage of "ESObject" type is restricted (arkts-limited-esobj)
[39m
[33mWARN: [33mArkTS:WARN File: E:/lcj/flutter_packages/packages/url_launcher/url_launcher_ohos/ohos/oh_modules/.ohpm/@ohos+flutter_ohos@znyxrfjxuun4wec4+udi+xiu7nw=/oh_modules/@ohos/flutter_ohos/src/main/ets/plugin/common/StandardMessageCodec.ets:309:40
 Usage of "ESObject" type is restricted (arkts-limited-esobj)
[39m
[33mWARN: [33mArkTS:WARN File: E:/lcj/flutter_packages/packages/url_launcher/url_launcher_ohos/ohos/oh_modules/.ohpm/@ohos+flutter_ohos@znyxrfjxuun4wec4+udi+xiu7nw=/oh_modules/@ohos/flutter_ohos/src/main/ets/plugin/common/StandardMessageCodec.ets:313:17
 Usage of "ESObject" type is restricted (arkts-limited-esobj)
[39m
[33mWARN: [33mArkTS:WARN File: E:/lcj/flutter_packages/packages/url_launcher/url_launcher_ohos/ohos/oh_modules/.ohpm/@ohos+flutter_ohos@znyxrfjxuun4wec4+udi+xiu7nw=/oh_modules/@ohos/flutter_ohos/src/main/ets/plugin/common/StandardMessageCodec.ets:323:17
 Usage of "ESObject" type is restricted (arkts-limited-esobj)
[39m
[33mWARN: [33mArkTS:WARN File: E:/lcj/flutter_packages/packages/url_launcher/url_launcher_ohos/ohos/oh_modules/.ohpm/@ohos+flutter_ohos@znyxrfjxuun4wec4+udi+xiu7nw=/oh_modules/@ohos/flutter_ohos/src/main/ets/plugin/common/StandardMethodCodec.ets:60:33
 Usage of "ESObject" type is restricted (arkts-limited-esobj)
[39m
[33mWARN: [33mArkTS:WARN File: E:/lcj/flutter_packages/packages/url_launcher/url_launcher_ohos/ohos/oh_modules/.ohpm/@ohos+flutter_ohos@znyxrfjxuun4wec4+udi+xiu7nw=/oh_modules/@ohos/flutter_ohos/src/main/ets/plugin/common/StandardMethodCodec.ets:67:78
 Usage of "ESObject" type is restricted (arkts-limited-esobj)
[39m
[33mWARN: [33mArkTS:WARN File: E:/lcj/flutter_packages/packages/url_launcher/url_launcher_ohos/ohos/oh_modules/.ohpm/@ohos+flutter_ohos@znyxrfjxuun4wec4+udi+xiu7nw=/oh_modules/@ohos/flutter_ohos/src/main/ets/plugin/common/StandardMethodCodec.ets:80:92
 Usage of "ESObject" type is restricted (arkts-limited-esobj)
[39m
[33mWARN: [33mArkTS:WARN File: E:/lcj/flutter_packages/packages/url_launcher/url_launcher_ohos/ohos/oh_modules/.ohpm/@ohos+flutter_ohos@znyxrfjxuun4wec4+udi+xiu7nw=/oh_modules/@ohos/flutter_ohos/src/main/ets/plugin/common/StandardMethodCodec.ets:94:42
 Usage of "ESObject" type is restricted (arkts-limited-esobj)
[39m
[33mWARN: [33mArkTS:WARN File: E:/lcj/flutter_packages/packages/url_launcher/url_launcher_ohos/ohos/oh_modules/.ohpm/@ohos+flutter_ohos@znyxrfjxuun4wec4+udi+xiu7nw=/oh_modules/@ohos/flutter_ohos/src/main/ets/plugin/common/MethodChannel.ets:60:38
 Usage of "ESObject" type is restricted (arkts-limited-esobj)
[39m
[33mWARN: [33mArkTS:WARN File: E:/lcj/flutter_packages/packages/url_launcher/url_launcher_ohos/ohos/oh_modules/.ohpm/@ohos+flutter_ohos@znyxrfjxuun4wec4+udi+xiu7nw=/oh_modules/@ohos/flutter_ohos/src/main/ets/plugin/common/MethodChannel.ets:142:21
 Usage of "ESObject" type is restricted (arkts-limited-esobj)
[39m
[33mWARN: [33mArkTS:WARN File: E:/lcj/flutter_packages/packages/url_launcher/url_launcher_ohos/ohos/oh_modules/.ohpm/@ohos+flutter_ohos@znyxrfjxuun4wec4+udi+xiu7nw=/oh_modules/@ohos/flutter_ohos/src/main/ets/plugin/common/MethodChannel.ets:153:66
 Usage of "ESObject" type is restricted (arkts-limited-esobj)
[39m
[33mWARN: [33mArkTS:WARN File: E:/lcj/flutter_packages/packages/url_launcher/url_launcher_ohos/ohos/oh_modules/.ohpm/@ohos+flutter_ohos@znyxrfjxuun4wec4+udi+xiu7nw=/oh_modules/@ohos/flutter_ohos/src/main/ets/plugin/common/MethodChannel.ets:199:27
 Usage of "ESObject" type is restricted (arkts-limited-esobj)
[39m
[33mWARN: [33mArkTS:WARN File: E:/lcj/flutter_packages/packages/url_launcher/url_launcher_ohos/ohos/oh_modules/.ohpm/@ohos+flutter_ohos@znyxrfjxuun4wec4+udi+xiu7nw=/oh_modules/@ohos/flutter_ohos/src/main/ets/plugin/common/MethodChannel.ets:203:72
 Usage of "ESObject" type is restricted (arkts-limited-esobj)
[39m
[33mWARN: [33mArkTS:WARN File: E:/lcj/flutter_packages/packages/url_launcher/url_launcher_ohos/ohos/oh_modules/.ohpm/@ohos+flutter_ohos@znyxrfjxuun4wec4+udi+xiu7nw=/oh_modules/@ohos/flutter_ohos/src/main/ets/plugin/common/JSONMessageCodec.ets:34:26
 Usage of "ESObject" type is restricted (arkts-limited-esobj)
[39m
[33mWARN: [33mArkTS:WARN File: E:/lcj/flutter_packages/packages/url_launcher/url_launcher_ohos/ohos/oh_modules/.ohpm/@ohos+flutter_ohos@znyxrfjxuun4wec4+udi+xiu7nw=/oh_modules/@ohos/flutter_ohos/src/main/ets/plugin/common/JSONMessageCodec.ets:41:40
 Usage of "ESObject" type is restricted (arkts-limited-esobj)
[39m
[33mWARN: [33mArkTS:WARN File: E:/lcj/flutter_packages/packages/url_launcher/url_launcher_ohos/ohos/oh_modules/.ohpm/@ohos+flutter_ohos@znyxrfjxuun4wec4+udi+xiu7nw=/oh_modules/@ohos/flutter_ohos/src/main/ets/plugin/common/JSONMethodCodec.ets:38:33
 Usage of "ESObject" type is restricted (arkts-limited-esobj)
[39m
[33mWARN: [33mArkTS:WARN File: E:/lcj/flutter_packages/packages/url_launcher/url_launcher_ohos/ohos/oh_modules/.ohpm/@ohos+flutter_ohos@znyxrfjxuun4wec4+udi+xiu7nw=/oh_modules/@ohos/flutter_ohos/src/main/ets/plugin/common/JSONMethodCodec.ets:52:32
 Usage of "ESObject" type is restricted (arkts-limited-esobj)
[39m
[33mWARN: [33mArkTS:WARN File: E:/lcj/flutter_packages/packages/url_launcher/url_launcher_ohos/ohos/oh_modules/.ohpm/@ohos+flutter_ohos@znyxrfjxuun4wec4+udi+xiu7nw=/oh_modules/@ohos/flutter_ohos/src/main/ets/plugin/common/JSONMethodCodec.ets:53:32
 Usage of "ESObject" type is restricted (arkts-limited-esobj)
[39m
[33mWARN: [33mArkTS:WARN File: E:/lcj/flutter_packages/packages/url_launcher/url_launcher_ohos/ohos/oh_modules/.ohpm/@ohos+flutter_ohos@znyxrfjxuun4wec4+udi+xiu7nw=/oh_modules/@ohos/flutter_ohos/src/main/ets/plugin/common/JSONMethodCodec.ets:64:33
 Usage of "ESObject" type is restricted (arkts-limited-esobj)
[39m
[33mWARN: [33mArkTS:WARN File: E:/lcj/flutter_packages/packages/url_launcher/url_launcher_ohos/ohos/oh_modules/.ohpm/@ohos+flutter_ohos@znyxrfjxuun4wec4+udi+xiu7nw=/oh_modules/@ohos/flutter_ohos/src/main/ets/plugin/common/JSONMethodCodec.ets:68:34
 Usage of "ESObject" type is restricted (arkts-limited-esobj)
[39m
[33mWARN: [33mArkTS:WARN File: E:/lcj/flutter_packages/packages/url_launcher/url_launcher_ohos/ohos/oh_modules/.ohpm/@ohos+flutter_ohos@znyxrfjxuun4wec4+udi+xiu7nw=/oh_modules/@ohos/flutter_ohos/src/main/ets/plugin/common/JSONMethodCodec.ets:68:80
 Usage of "ESObject" type is restricted (arkts-limited-esobj)
[39m
[33mWARN: [33mArkTS:WARN File: E:/lcj/flutter_packages/packages/url_launcher/url_launcher_ohos/ohos/oh_modules/.ohpm/@ohos+flutter_ohos@znyxrfjxuun4wec4+udi+xiu7nw=/oh_modules/@ohos/flutter_ohos/src/main/ets/plugin/common/JSONMethodCodec.ets:72:92
 Usage of "ESObject" type is restricted (arkts-limited-esobj)
[39m
[33mWARN: [33mArkTS:WARN File: E:/lcj/flutter_packages/packages/url_launcher/url_launcher_ohos/ohos/oh_modules/.ohpm/@ohos+flutter_ohos@znyxrfjxuun4wec4+udi+xiu7nw=/oh_modules/@ohos/flutter_ohos/src/main/ets/plugin/common/JSONMethodCodec.ets:76:42
 Usage of "ESObject" type is restricted (arkts-limited-esobj)
[39m
[33mWARN: [33mArkTS:WARN File: E:/lcj/flutter_packages/packages/url_launcher/url_launcher_ohos/ohos/oh_modules/.ohpm/@ohos+flutter_ohos@znyxrfjxuun4wec4+udi+xiu7nw=/oh_modules/@ohos/flutter_ohos/src/main/ets/plugin/common/JSONMethodCodec.ets:80:13
 Usage of "ESObject" type is restricted (arkts-limited-esobj)
[39m
[33mWARN: [33mArkTS:WARN File: E:/lcj/flutter_packages/packages/url_launcher/url_launcher_ohos/ohos/oh_modules/.ohpm/@ohos+flutter_ohos@znyxrfjxuun4wec4+udi+xiu7nw=/oh_modules/@ohos/flutter_ohos/src/main/ets/plugin/common/JSONMethodCodec.ets:81:18
 Usage of "ESObject" type is restricted (arkts-limited-esobj)
[39m
[33mWARN: [33mArkTS:WARN File: E:/lcj/flutter_packages/packages/url_launcher/url_launcher_ohos/ohos/oh_modules/.ohpm/@ohos+flutter_ohos@znyxrfjxuun4wec4+udi+xiu7nw=/oh_modules/@ohos/flutter_ohos/src/main/ets/plugin/common/JSONMethodCodec.ets:83:13
 Usage of "ESObject" type is restricted (arkts-limited-esobj)
[39m
[33mWARN: [33mArkTS:WARN File: E:/lcj/flutter_packages/packages/url_launcher/url_launcher_ohos/ohos/oh_modules/.ohpm/@ohos+flutter_ohos@znyxrfjxuun4wec4+udi+xiu7nw=/oh_modules/@ohos/flutter_ohos/src/main/ets/plugin/common/JSONMethodCodec.ets:84:32
 Usage of "ESObject" type is restricted (arkts-limited-esobj)
[39m
[33mWARN: [33mArkTS:WARN File: E:/lcj/flutter_packages/packages/url_launcher/url_launcher_ohos/ohos/oh_modules/.ohpm/@ohos+flutter_ohos@znyxrfjxuun4wec4+udi+xiu7nw=/oh_modules/@ohos/flutter_ohos/src/main/ets/plugin/common/JSONMethodCodec.ets:85:35
 Usage of "ESObject" type is restricted (arkts-limited-esobj)
[39m
[33mWARN: [33mArkTS:WARN File: E:/lcj/flutter_packages/packages/url_launcher/url_launcher_ohos/ohos/oh_modules/.ohpm/@ohos+flutter_ohos@znyxrfjxuun4wec4+udi+xiu7nw=/oh_modules/@ohos/flutter_ohos/src/main/ets/plugin/common/JSONMethodCodec.ets:86:37
 Usage of "ESObject" type is restricted (arkts-limited-esobj)
[39m
[33mWARN: [33mArkTS:WARN File: E:/lcj/flutter_packages/packages/url_launcher/url_launcher_ohos/ohos/oh_modules/.ohpm/@ohos+flutter_ohos@znyxrfjxuun4wec4+udi+xiu7nw=/oh_modules/@ohos/flutter_ohos/src/main/ets/embedding/engine/FlutterNapi.ets:222:9
 Use explicit types instead of "any", "unknown" (arkts-no-any-unknown)
[39m
[33mWARN: [33mArkTS:WARN File: E:/lcj/flutter_packages/packages/url_launcher/url_launcher_ohos/ohos/oh_modules/.ohpm/@ohos+flutter_ohos@znyxrfjxuun4wec4+udi+xiu7nw=/oh_modules/@ohos/flutter_ohos/src/main/ets/embedding/engine/FlutterNapi.ets:282:22
 Usage of "ESObject" type is restricted (arkts-limited-esobj)
[39m
[33mWARN: [33mArkTS:WARN File: E:/lcj/flutter_packages/packages/url_launcher/url_launcher_ohos/ohos/oh_modules/.ohpm/@ohos+flutter_ohos@znyxrfjxuun4wec4+udi+xiu7nw=/oh_modules/@ohos/flutter_ohos/src/main/ets/embedding/engine/FlutterEngineConnectionRegistry.ets:85:15
 Usage of "ESObject" type is restricted (arkts-limited-esobj)
[39m
[33mWARN: [33mArkTS:WARN File: E:/lcj/flutter_packages/packages/url_launcher/url_launcher_ohos/ohos/oh_modules/.ohpm/@ohos+flutter_ohos@znyxrfjxuun4wec4+udi+xiu7nw=/oh_modules/@ohos/flutter_ohos/src/main/ets/embedding/engine/FlutterEngineConnectionRegistry.ets:88:11
 Usage of "ESObject" type is restricted (arkts-limited-esobj)
[39m
[33mWARN: [33mArkTS:WARN File: E:/lcj/flutter_packages/packages/url_launcher/url_launcher_ohos/ohos/oh_modules/.ohpm/@ohos+flutter_ohos@znyxrfjxuun4wec4+udi+xiu7nw=/oh_modules/@ohos/flutter_ohos/src/main/ets/embedding/engine/FlutterEngineConnectionRegistry.ets:115:15
 Usage of "ESObject" type is restricted (arkts-limited-esobj)
[39m
[33mWARN: [33mArkTS:WARN File: E:/lcj/flutter_packages/packages/url_launcher/url_launcher_ohos/ohos/oh_modules/.ohpm/@ohos+flutter_ohos@znyxrfjxuun4wec4+udi+xiu7nw=/oh_modules/@ohos/flutter_ohos/src/main/ets/embedding/engine/FlutterEngineConnectionRegistry.ets:116:9
 Usage of "ESObject" type is restricted (arkts-limited-esobj)
[39m
[33mWARN: [33mArkTS:WARN File: E:/lcj/flutter_packages/packages/url_launcher/url_launcher_ohos/ohos/oh_modules/.ohpm/@ohos+flutter_ohos@znyxrfjxuun4wec4+udi+xiu7nw=/oh_modules/@ohos/flutter_ohos/src/main/ets/plugin/editing/TextInputPlugin.ets:130:20
 Usage of "ESObject" type is restricted (arkts-limited-esobj)
[39m
[33mWARN: [33mArkTS:WARN File: E:/lcj/flutter_packages/packages/url_launcher/url_launcher_ohos/ohos/oh_modules/.ohpm/@ohos+flutter_ohos@znyxrfjxuun4wec4+udi+xiu7nw=/oh_modules/@ohos/flutter_ohos/src/main/ets/plugin/editing/TextInputPlugin.ets:138:20
 Usage of "ESObject" type is restricted (arkts-limited-esobj)
[39m
[33mWARN: [33mArkTS:WARN File: E:/lcj/flutter_packages/packages/url_launcher/url_launcher_ohos/ohos/oh_modules/.ohpm/@ohos+flutter_ohos@znyxrfjxuun4wec4+udi+xiu7nw=/oh_modules/@ohos/flutter_ohos/src/main/ets/embedding/engine/systemchannels/TextInputChannel.ets:70:11
 Usage of "ESObject" type is restricted (arkts-limited-esobj)
[39m
[33mWARN: [33mArkTS:WARN File: E:/lcj/flutter_packages/packages/url_launcher/url_launcher_ohos/ohos/oh_modules/.ohpm/@ohos+flutter_ohos@znyxrfjxuun4wec4+udi+xiu7nw=/oh_modules/@ohos/flutter_ohos/src/main/ets/embedding/engine/systemchannels/TextInputChannel.ets:119:70
 Usage of "ESObject" type is restricted (arkts-limited-esobj)
[39m
[33mWARN: [33mArkTS:WARN File: E:/lcj/flutter_packages/packages/url_launcher/url_launcher_ohos/ohos/oh_modules/.ohpm/@ohos+flutter_ohos@znyxrfjxuun4wec4+udi+xiu7nw=/oh_modules/@ohos/flutter_ohos/src/main/ets/embedding/engine/systemchannels/TextInputChannel.ets:223:25
 Usage of "ESObject" type is restricted (arkts-limited-esobj)
[39m
[33mWARN: [33mArkTS:WARN File: E:/lcj/flutter_packages/packages/url_launcher/url_launcher_ohos/ohos/oh_modules/.ohpm/@ohos+flutter_ohos@znyxrfjxuun4wec4+udi+xiu7nw=/oh_modules/@ohos/flutter_ohos/src/main/ets/embedding/engine/systemchannels/TextInputChannel.ets:297:34
 Usage of "ESObject" type is restricted (arkts-limited-esobj)
[39m
[33mWARN: [33mArkTS:WARN File: E:/lcj/flutter_packages/packages/url_launcher/url_launcher_ohos/ohos/oh_modules/.ohpm/@ohos+flutter_ohos@znyxrfjxuun4wec4+udi+xiu7nw=/oh_modules/@ohos/flutter_ohos/src/main/ets/embedding/engine/systemchannels/TextInputChannel.ets:333:43
 Usage of "ESObject" type is restricted (arkts-limited-esobj)
[39m
[33mWARN: [33mArkTS:WARN File: E:/lcj/flutter_packages/packages/url_launcher/url_launcher_ohos/ohos/oh_modules/.ohpm/@ohos+flutter_ohos@znyxrfjxuun4wec4+udi+xiu7nw=/oh_modules/@ohos/flutter_ohos/src/main/ets/embedding/engine/systemchannels/PlatformChannel.ets:391:17
 Usage of "ESObject" type is restricted (arkts-limited-esobj)
[39m
[33mWARN: [33mArkTS:WARN File: E:/lcj/flutter_packages/packages/url_launcher/url_launcher_ohos/ohos/oh_modules/.ohpm/@ohos+flutter_ohos@znyxrfjxuun4wec4+udi+xiu7nw=/oh_modules/@ohos/flutter_ohos/src/main/ets/embedding/engine/systemchannels/PlatformChannel.ets:392:13
 Usage of "ESObject" type is restricted (arkts-limited-esobj)
[39m
[33mWARN: [33mArkTS:WARN File: E:/lcj/flutter_packages/packages/url_launcher/url_launcher_ohos/ohos/oh_modules/.ohpm/@ohos+flutter_ohos@znyxrfjxuun4wec4+udi+xiu7nw=/oh_modules/@ohos/flutter_ohos/src/main/ets/embedding/engine/systemchannels/PlatformChannel.ets:394:26
 Usage of "ESObject" type is restricted (arkts-limited-esobj)
[39m
[33mWARN: [33mArkTS:WARN File: E:/lcj/flutter_packages/packages/url_launcher/url_launcher_ohos/ohos/oh_modules/.ohpm/@ohos+flutter_ohos@znyxrfjxuun4wec4+udi+xiu7nw=/oh_modules/@ohos/flutter_ohos/src/main/ets/embedding/engine/systemchannels/PlatformChannel.ets:399:42
 Usage of "ESObject" type is restricted (arkts-limited-esobj)
[39m
[33mWARN: [33mArkTS:WARN File: E:/lcj/flutter_packages/packages/url_launcher/url_launcher_ohos/ohos/oh_modules/.ohpm/@ohos+flutter_ohos@znyxrfjxuun4wec4+udi+xiu7nw=/oh_modules/@ohos/flutter_ohos/src/main/ets/embedding/engine/systemchannels/PlatformChannel.ets:405:15
 Usage of "ESObject" type is restricted (arkts-limited-esobj)
[39m
[33mWARN: [33mArkTS:WARN File: E:/lcj/flutter_packages/packages/url_launcher/url_launcher_ohos/ohos/oh_modules/.ohpm/@ohos+flutter_ohos@znyxrfjxuun4wec4+udi+xiu7nw=/oh_modules/@ohos/flutter_ohos/src/main/ets/embedding/engine/systemchannels/PlatformChannel.ets:409:15
 Usage of "ESObject" type is restricted (arkts-limited-esobj)
[39m
[33mWARN: [33mArkTS:WARN File: E:/lcj/flutter_packages/packages/url_launcher/url_launcher_ohos/ohos/oh_modules/.ohpm/@ohos+flutter_ohos@znyxrfjxuun4wec4+udi+xiu7nw=/oh_modules/@ohos/flutter_ohos/src/main/ets/embedding/engine/systemchannels/PlatformChannel.ets:412:26
 Usage of "ESObject" type is restricted (arkts-limited-esobj)
[39m
[33mWARN: [33mArkTS:WARN File: E:/lcj/flutter_packages/packages/url_launcher/url_launcher_ohos/ohos/oh_modules/.ohpm/@ohos+flutter_ohos@znyxrfjxuun4wec4+udi+xiu7nw=/oh_modules/@ohos/flutter_ohos/src/main/ets/embedding/engine/systemchannels/PlatformChannel.ets:417:13
 Usage of "ESObject" type is restricted (arkts-limited-esobj)
[39m
[33mWARN: [33mArkTS:WARN File: E:/lcj/flutter_packages/packages/url_launcher/url_launcher_ohos/ohos/oh_modules/.ohpm/@ohos+flutter_ohos@znyxrfjxuun4wec4+udi+xiu7nw=/oh_modules/@ohos/flutter_ohos/src/main/ets/embedding/engine/systemchannels/PlatformChannel.ets:419:26
 Usage of "ESObject" type is restricted (arkts-limited-esobj)
[39m
[33mWARN: [33mArkTS:WARN File: E:/lcj/flutter_packages/packages/url_launcher/url_launcher_ohos/ohos/oh_modules/.ohpm/@ohos+flutter_ohos@znyxrfjxuun4wec4+udi+xiu7nw=/oh_modules/@ohos/flutter_ohos/src/main/ets/embedding/engine/systemchannels/PlatformChannel.ets:464:49
 Usage of "ESObject" type is restricted (arkts-limited-esobj)
[39m
[33mWARN: [33mArkTS:WARN File: E:/lcj/flutter_packages/packages/url_launcher/url_launcher_ohos/ohos/oh_modules/.ohpm/@ohos+flutter_ohos@znyxrfjxuun4wec4+udi+xiu7nw=/oh_modules/@ohos/flutter_ohos/src/main/ets/embedding/engine/systemchannels/SystemChannel.ets:29:44
 Usage of "ESObject" type is restricted (arkts-limited-esobj)
[39m
[33mWARN: [33mArkTS:WARN File: E:/lcj/flutter_packages/packages/url_launcher/url_launcher_ohos/ohos/oh_modules/.ohpm/@ohos+flutter_ohos@znyxrfjxuun4wec4+udi+xiu7nw=/oh_modules/@ohos/flutter_ohos/src/main/ets/embedding/engine/systemchannels/RestorationChannel.ets:98:27
 Usage of "ESObject" type is restricted (arkts-limited-esobj)
[39m
[33mWARN: [33mArkTS:WARN File: E:/lcj/flutter_packages/packages/url_launcher/url_launcher_ohos/ohos/oh_modules/.ohpm/@ohos+flutter_ohos@znyxrfjxuun4wec4+udi+xiu7nw=/oh_modules/@ohos/flutter_ohos/src/main/ets/embedding/engine/systemchannels/RestorationChannel.ets:102:72
 Usage of "ESObject" type is restricted (arkts-limited-esobj)
[39m
[33mWARN: [33mArkTS:WARN File: E:/lcj/flutter_packages/packages/url_launcher/url_launcher_ohos/ohos/oh_modules/.ohpm/@ohos+flutter_ohos@znyxrfjxuun4wec4+udi+xiu7nw=/oh_modules/@ohos/flutter_ohos/src/main/ets/embedding/engine/systemchannels/RestorationChannel.ets:169:53
 Usage of "ESObject" type is restricted (arkts-limited-esobj)
[39m
[33mWARN: [33mArkTS:WARN File: E:/lcj/flutter_packages/packages/url_launcher/url_launcher_ohos/ohos/oh_modules/.ohpm/@ohos+flutter_ohos@znyxrfjxuun4wec4+udi+xiu7nw=/oh_modules/@ohos/flutter_ohos/src/main/ets/embedding/engine/systemchannels/RestorationChannel.ets:170:33
 Usage of "ESObject" type is restricted (arkts-limited-esobj)
[39m
[33mWARN: [33mArkTS:WARN File: E:/lcj/flutter_packages/packages/url_launcher/url_launcher_ohos/ohos/oh_modules/.ohpm/@ohos+flutter_ohos@znyxrfjxuun4wec4+udi+xiu7nw=/oh_modules/@ohos/flutter_ohos/src/main/ets/embedding/engine/systemchannels/AccessibilityChannel.ets:42:45
 Usage of "ESObject" type is restricted (arkts-limited-esobj)
[39m
[33mWARN: [33mArkTS:WARN File: E:/lcj/flutter_packages/packages/url_launcher/url_launcher_ohos/ohos/oh_modules/.ohpm/@ohos+flutter_ohos@znyxrfjxuun4wec4+udi+xiu7nw=/oh_modules/@ohos/flutter_ohos/src/main/ets/embedding/engine/systemchannels/AccessibilityChannel.ets:42:84
 Usage of "ESObject" type is restricted (arkts-limited-esobj)
[39m
[33mWARN: [33mArkTS:WARN File: E:/lcj/flutter_packages/packages/url_launcher/url_launcher_ohos/ohos/oh_modules/.ohpm/@ohos+flutter_ohos@znyxrfjxuun4wec4+udi+xiu7nw=/oh_modules/@ohos/flutter_ohos/src/main/ets/embedding/engine/systemchannels/AccessibilityChannel.ets:44:35
 Usage of "ESObject" type is restricted (arkts-limited-esobj)
[39m
[33mWARN: [33mArkTS:WARN File: E:/lcj/flutter_packages/packages/url_launcher/url_launcher_ohos/ohos/oh_modules/.ohpm/@ohos+flutter_ohos@znyxrfjxuun4wec4+udi+xiu7nw=/oh_modules/@ohos/flutter_ohos/src/main/ets/embedding/engine/systemchannels/AccessibilityChannel.ets:44:93
 Usage of "ESObject" type is restricted (arkts-limited-esobj)
[39m
[33mWARN: [33mArkTS:WARN File: E:/lcj/flutter_packages/packages/url_launcher/url_launcher_ohos/ohos/oh_modules/.ohpm/@ohos+flutter_ohos@znyxrfjxuun4wec4+udi+xiu7nw=/oh_modules/@ohos/flutter_ohos/src/main/ets/embedding/engine/systemchannels/PlatformViewsChannel.ets:61:35
 Usage of "ESObject" type is restricted (arkts-limited-esobj)
[39m
[33mWARN: [33mArkTS:WARN File: E:/lcj/flutter_packages/packages/url_launcher/url_launcher_ohos/ohos/oh_modules/.ohpm/@ohos+flutter_ohos@znyxrfjxuun4wec4+udi+xiu7nw=/oh_modules/@ohos/flutter_ohos/src/main/ets/embedding/engine/systemchannels/PlatformViewsChannel.ets:132:36
 Usage of "ESObject" type is restricted (arkts-limited-esobj)
[39m
[33mWARN: [33mArkTS:WARN File: E:/lcj/flutter_packages/packages/url_launcher/url_launcher_ohos/ohos/oh_modules/.ohpm/@ohos+flutter_ohos@znyxrfjxuun4wec4+udi+xiu7nw=/oh_modules/@ohos/flutter_ohos/src/main/ets/embedding/engine/systemchannels/PlatformViewsChannel.ets:144:35
 Usage of "ESObject" type is restricted (arkts-limited-esobj)
[39m
[33mWARN: [33mArkTS:WARN File: E:/lcj/flutter_packages/packages/url_launcher/url_launcher_ohos/ohos/oh_modules/.ohpm/@ohos+flutter_ohos@znyxrfjxuun4wec4+udi+xiu7nw=/oh_modules/@ohos/flutter_ohos/src/main/ets/embedding/engine/systemchannels/PlatformViewsChannel.ets:161:35
 Usage of "ESObject" type is restricted (arkts-limited-esobj)
[39m
[33mWARN: [33mArkTS:WARN File: E:/lcj/flutter_packages/packages/url_launcher/url_launcher_ohos/ohos/oh_modules/.ohpm/@ohos+flutter_ohos@znyxrfjxuun4wec4+udi+xiu7nw=/oh_modules/@ohos/flutter_ohos/src/main/ets/embedding/engine/systemchannels/PlatformViewsChannel.ets:175:23
 Usage of "ESObject" type is restricted (arkts-limited-esobj)
[39m
[33mWARN: [33mArkTS:WARN File: E:/lcj/flutter_packages/packages/url_launcher/url_launcher_ohos/ohos/oh_modules/.ohpm/@ohos+flutter_ohos@znyxrfjxuun4wec4+udi+xiu7nw=/oh_modules/@ohos/flutter_ohos/src/main/ets/embedding/engine/systemchannels/PlatformViewsChannel.ets:206:41
 Usage of "ESObject" type is restricted (arkts-limited-esobj)
[39m
[33mWARN: [33mArkTS:WARN File: E:/lcj/flutter_packages/packages/url_launcher/url_launcher_ohos/ohos/oh_modules/.ohpm/@ohos+flutter_ohos@znyxrfjxuun4wec4+udi+xiu7nw=/oh_modules/@ohos/flutter_ohos/src/main/ets/embedding/engine/systemchannels/PlatformViewsChannel.ets:430:36
 Usage of "ESObject" type is restricted (arkts-limited-esobj)
[39m
[33mWARN: [33mArkTS:WARN File: E:/lcj/flutter_packages/packages/url_launcher/url_launcher_ohos/ohos/oh_modules/.ohpm/@ohos+flutter_ohos@znyxrfjxuun4wec4+udi+xiu7nw=/oh_modules/@ohos/flutter_ohos/src/main/ets/embedding/engine/systemchannels/PlatformViewsChannel.ets:433:28
 Usage of "ESObject" type is restricted (arkts-limited-esobj)
[39m
[33mWARN: [33mArkTS:WARN File: E:/lcj/flutter_packages/packages/url_launcher/url_launcher_ohos/ohos/oh_modules/.ohpm/@ohos+flutter_ohos@znyxrfjxuun4wec4+udi+xiu7nw=/oh_modules/@ohos/flutter_ohos/src/main/ets/embedding/engine/systemchannels/PlatformViewsChannel.ets:460:41
 Usage of "ESObject" type is restricted (arkts-limited-esobj)
[39m
[33mWARN: [33mArkTS:WARN File: E:/lcj/flutter_packages/packages/url_launcher/url_launcher_ohos/ohos/oh_modules/.ohpm/@ohos+flutter_ohos@znyxrfjxuun4wec4+udi+xiu7nw=/oh_modules/@ohos/flutter_ohos/src/main/ets/embedding/engine/systemchannels/PlatformViewsChannel.ets:461:33
 Usage of "ESObject" type is restricted (arkts-limited-esobj)
[39m
[33mWARN: [33mArkTS:WARN File: E:/lcj/flutter_packages/packages/url_launcher/url_launcher_ohos/ohos/oh_modules/.ohpm/@ohos+flutter_ohos@znyxrfjxuun4wec4+udi+xiu7nw=/oh_modules/@ohos/flutter_ohos/src/main/ets/embedding/engine/systemchannels/PlatformViewsChannel.ets:545:35
 Usage of "ESObject" type is restricted (arkts-limited-esobj)
[39m
[33mWARN: [33mArkTS:WARN File: E:/lcj/flutter_packages/packages/url_launcher/url_launcher_ohos/ohos/oh_modules/.ohpm/@ohos+flutter_ohos@znyxrfjxuun4wec4+udi+xiu7nw=/oh_modules/@ohos/flutter_ohos/src/main/ets/embedding/ohos/OhosTouchProcessor.ets:25:59
 Usage of "ESObject" type is restricted (arkts-limited-esobj)
[39m
[33mWARN: [33mArkTS:WARN File: E:/lcj/flutter_packages/packages/url_launcher/url_launcher_ohos/ohos/oh_modules/.ohpm/@ohos+flutter_ohos@znyxrfjxuun4wec4+udi+xiu7nw=/oh_modules/@ohos/flutter_ohos/src/main/ets/view/DynamicView/dynamicViewJson.ets:34:67
 Usage of "ESObject" type is restricted (arkts-limited-esobj)
[39m
[33mWARN: [33mArkTS:WARN File: E:/lcj/flutter_packages/packages/url_launcher/url_launcher_ohos/ohos/oh_modules/.ohpm/@ohos+flutter_ohos@znyxrfjxuun4wec4+udi+xiu7nw=/oh_modules/@ohos/flutter_ohos/src/main/ets/view/DynamicView/dynamicViewJson.ets:34:139
 Usage of "ESObject" type is restricted (arkts-limited-esobj)
[39m
[33mWARN: [33mArkTS:WARN File: E:/lcj/flutter_packages/packages/url_launcher/url_launcher_ohos/ohos/oh_modules/.ohpm/@ohos+flutter_ohos@znyxrfjxuun4wec4+udi+xiu7nw=/oh_modules/@ohos/flutter_ohos/src/main/ets/view/DynamicView/dynamicViewJson.ets:34:158
 Usage of "ESObject" type is restricted (arkts-limited-esobj)
[39m
[33mWARN: [33mArkTS:WARN File: E:/lcj/flutter_packages/packages/url_launcher/url_launcher_ohos/ohos/oh_modules/.ohpm/@ohos+flutter_ohos@znyxrfjxuun4wec4+udi+xiu7nw=/oh_modules/@ohos/flutter_ohos/src/main/ets/view/DynamicView/dynamicViewJson.ets:35:46
 Usage of "ESObject" type is restricted (arkts-limited-esobj)
[39m
[33mWARN: [33mArkTS:WARN File: E:/lcj/flutter_packages/packages/url_launcher/url_launcher_ohos/ohos/oh_modules/.ohpm/@ohos+flutter_ohos@znyxrfjxuun4wec4+udi+xiu7nw=/oh_modules/@ohos/flutter_ohos/src/main/ets/view/DynamicView/dynamicViewJson.ets:60:52
 Usage of "ESObject" type is restricted (arkts-limited-esobj)
[39m
[33mWARN: [33mArkTS:WARN File: E:/lcj/flutter_packages/packages/url_launcher/url_launcher_ohos/ohos/oh_modules/.ohpm/@ohos+flutter_ohos@znyxrfjxuun4wec4+udi+xiu7nw=/oh_modules/@ohos/flutter_ohos/src/main/ets/plugin/platform/RootDvModelManager.ets:23:19
 Usage of "ESObject" type is restricted (arkts-limited-esobj)
[39m
[33mWARN: [33mArkTS:WARN File: E:/lcj/flutter_packages/packages/url_launcher/url_launcher_ohos/ohos/oh_modules/.ohpm/@ohos+flutter_ohos@znyxrfjxuun4wec4+udi+xiu7nw=/oh_modules/@ohos/flutter_ohos/src/main/ets/plugin/platform/RootDvModelManager.ets:43:18
 Usage of "ESObject" type is restricted (arkts-limited-esobj)
[39m
[33mWARN: [33mArkTS:WARN File: E:/lcj/flutter_packages/packages/url_launcher/url_launcher_ohos/ohos/oh_modules/.ohpm/@ohos+flutter_ohos@znyxrfjxuun4wec4+udi+xiu7nw=/oh_modules/@ohos/flutter_ohos/src/main/ets/plugin/platform/RootDvModelManager.ets:44:14
 Usage of "ESObject" type is restricted (arkts-limited-esobj)
[39m
[33mWARN: [33mArkTS:WARN File: E:/lcj/flutter_packages/packages/url_launcher/url_launcher_ohos/ohos/oh_modules/.ohpm/@ohos+flutter_ohos@znyxrfjxuun4wec4+udi+xiu7nw=/oh_modules/@ohos/flutter_ohos/src/main/ets/plugin/platform/RootDvModelManager.ets:46:48
 Usage of "ESObject" type is restricted (arkts-limited-esobj)
[39m
[33mWARN: [33mArkTS:WARN File: E:/lcj/flutter_packages/packages/url_launcher/url_launcher_ohos/ohos/oh_modules/.ohpm/@ohos+flutter_ohos@znyxrfjxuun4wec4+udi+xiu7nw=/oh_modules/@ohos/flutter_ohos/src/main/ets/plugin/platform/RootDvModelManager.ets:46:71
 Usage of "ESObject" type is restricted (arkts-limited-esobj)
[39m
[33mWARN: [33mArkTS:WARN File: E:/lcj/flutter_packages/packages/url_launcher/url_launcher_ohos/ohos/oh_modules/.ohpm/@ohos+flutter_ohos@znyxrfjxuun4wec4+udi+xiu7nw=/oh_modules/@ohos/flutter_ohos/src/main/ets/plugin/platform/RootDvModelManager.ets:53:34
 Usage of "ESObject" type is restricted (arkts-limited-esobj)
[39m
[33mWARN: [33mArkTS:WARN File: E:/lcj/flutter_packages/packages/url_launcher/url_launcher_ohos/ohos/oh_modules/.ohpm/@ohos+flutter_ohos@znyxrfjxuun4wec4+udi+xiu7nw=/oh_modules/@ohos/flutter_ohos/src/main/ets/plugin/platform/PlatformViewWrapper.ets:47:64
 Usage of "ESObject" type is restricted (arkts-limited-esobj)
[39m
[33mWARN: [33mArkTS:WARN File: E:/lcj/flutter_packages/packages/url_launcher/url_launcher_ohos/ohos/oh_modules/.ohpm/@ohos+flutter_ohos@znyxrfjxuun4wec4+udi+xiu7nw=/oh_modules/@ohos/flutter_ohos/src/main/ets/plugin/platform/PlatformViewWrapper.ets:47:135
 Usage of "ESObject" type is restricted (arkts-limited-esobj)
[39m
[33mWARN: [33mArkTS:WARN File: E:/lcj/flutter_packages/packages/url_launcher/url_launcher_ohos/ohos/oh_modules/.ohpm/@ohos+flutter_ohos@znyxrfjxuun4wec4+udi+xiu7nw=/oh_modules/@ohos/flutter_ohos/src/main/ets/plugin/platform/PlatformViewWrapper.ets:48:44
 Usage of "ESObject" type is restricted (arkts-limited-esobj)
[39m
[33mWARN: [33mArkTS:WARN File: E:/lcj/flutter_packages/packages/url_launcher/url_launcher_ohos/ohos/oh_modules/.ohpm/@ohos+flutter_ohos@znyxrfjxuun4wec4+udi+xiu7nw=/oh_modules/@ohos/flutter_ohos/src/main/ets/plugin/platform/PlatformViewWrapper.ets:52:71
 Usage of "ESObject" type is restricted (arkts-limited-esobj)
[39m
[33mWARN: [33mArkTS:WARN File: E:/lcj/flutter_packages/packages/url_launcher/url_launcher_ohos/ohos/oh_modules/.ohpm/@ohos+flutter_ohos@znyxrfjxuun4wec4+udi+xiu7nw=/oh_modules/@ohos/flutter_ohos/src/main/ets/plugin/platform/PlatformViewWrapper.ets:52:137
 Usage of "ESObject" type is restricted (arkts-limited-esobj)
[39m
[33mWARN: [33mArkTS:WARN File: E:/lcj/flutter_packages/packages/url_launcher/url_launcher_ohos/ohos/oh_modules/.ohpm/@ohos+flutter_ohos@znyxrfjxuun4wec4+udi+xiu7nw=/oh_modules/@ohos/flutter_ohos/src/main/ets/plugin/platform/PlatformViewWrapper.ets:53:44
 Usage of "ESObject" type is restricted (arkts-limited-esobj)
[39m
[33mWARN: [33mArkTS:WARN File: E:/lcj/flutter_packages/packages/url_launcher/url_launcher_ohos/ohos/oh_modules/.ohpm/@ohos+flutter_ohos@znyxrfjxuun4wec4+udi+xiu7nw=/oh_modules/@ohos/flutter_ohos/src/main/ets/embedding/engine/mutatorsstack/FlutterMutatorView.ets:30:34
 Usage of "ESObject" type is restricted (arkts-limited-esobj)
[39m
[33mWARN: [33mArkTS:WARN File: E:/lcj/flutter_packages/packages/url_launcher/url_launcher_ohos/ohos/oh_modules/.ohpm/@ohos+flutter_ohos@znyxrfjxuun4wec4+udi+xiu7nw=/oh_modules/@ohos/flutter_ohos/src/main/ets/embedding/engine/mutatorsstack/FlutterMutatorView.ets:126:15
 Usage of "ESObject" type is restricted (arkts-limited-esobj)
[39m
[33mWARN: [33mArkTS:WARN File: E:/lcj/flutter_packages/packages/url_launcher/url_launcher_ohos/ohos/oh_modules/.ohpm/@ohos+flutter_ohos@znyxrfjxuun4wec4+udi+xiu7nw=/oh_modules/@ohos/flutter_ohos/src/main/ets/embedding/engine/mutatorsstack/FlutterMutatorView.ets:127:11
 Usage of "ESObject" type is restricted (arkts-limited-esobj)
[39m
[33mWARN: [33mArkTS:WARN File: E:/lcj/flutter_packages/packages/url_launcher/url_launcher_ohos/ohos/oh_modules/.ohpm/@ohos+flutter_ohos@znyxrfjxuun4wec4+udi+xiu7nw=/oh_modules/@ohos/flutter_ohos/src/main/ets/embedding/engine/mutatorsstack/FlutterMutatorView.ets:129:59
 Usage of "ESObject" type is restricted (arkts-limited-esobj)
[39m
[33mWARN: [33mArkTS:WARN File: E:/lcj/flutter_packages/packages/url_launcher/url_launcher_ohos/ohos/oh_modules/.ohpm/@ohos+flutter_ohos@znyxrfjxuun4wec4+udi+xiu7nw=/oh_modules/@ohos/flutter_ohos/src/main/ets/embedding/engine/mutatorsstack/FlutterMutatorView.ets:129:77
 Usage of "ESObject" type is restricted (arkts-limited-esobj)
[39m
[33mWARN: [33mArkTS:WARN File: E:/lcj/flutter_packages/packages/url_launcher/url_launcher_ohos/ohos/oh_modules/.ohpm/@ohos+flutter_ohos@znyxrfjxuun4wec4+udi+xiu7nw=/oh_modules/@ohos/flutter_ohos/src/main/ets/plugin/platform/PlatformViewsController.ets:133:64
 Usage of "ESObject" type is restricted (arkts-limited-esobj)
[39m
[33mWARN: [33mArkTS:WARN File: E:/lcj/flutter_packages/packages/url_launcher/url_launcher_ohos/ohos/oh_modules/.ohpm/@ohos+flutter_ohos@znyxrfjxuun4wec4+udi+xiu7nw=/oh_modules/@ohos/flutter_ohos/src/main/ets/plugin/platform/PlatformViewsController.ets:133:135
 Usage of "ESObject" type is restricted (arkts-limited-esobj)
[39m
[33mWARN: [33mArkTS:WARN File: E:/lcj/flutter_packages/packages/url_launcher/url_launcher_ohos/ohos/oh_modules/.ohpm/@ohos+flutter_ohos@znyxrfjxuun4wec4+udi+xiu7nw=/oh_modules/@ohos/flutter_ohos/src/main/ets/plugin/platform/PlatformViewsController.ets:134:44
 Usage of "ESObject" type is restricted (arkts-limited-esobj)
[39m
[33mWARN: [33mArkTS:WARN File: E:/lcj/flutter_packages/packages/url_launcher/url_launcher_ohos/ohos/oh_modules/.ohpm/@ohos+flutter_ohos@znyxrfjxuun4wec4+udi+xiu7nw=/oh_modules/@ohos/flutter_ohos/src/main/ets/plugin/platform/PlatformViewsController.ets:288:9
 Usage of "ESObject" type is restricted (arkts-limited-esobj)
[39m
[33mWARN: [33mArkTS:WARN File: E:/lcj/flutter_packages/packages/url_launcher/url_launcher_ohos/ohos/url_launcher/src/main/ets/components/plugin/Messages.ets:28:19
 Usage of "ESObject" type is restricted (arkts-limited-esobj)
[39m
[33mWARN: [33mArkTS:WARN File: E:/lcj/flutter_packages/packages/url_launcher/url_launcher_ohos/ohos/url_launcher/src/main/ets/components/plugin/Messages.ets:30:55
 Usage of "ESObject" type is restricted (arkts-limited-esobj)
[39m
[33mWARN: [33mArkTS:WARN File: E:/lcj/flutter_packages/packages/url_launcher/url_launcher_ohos/ohos/url_launcher/src/main/ets/components/plugin/Messages.ets:96:19
 Usage of "ESObject" type is restricted (arkts-limited-esobj)
[39m
[33mWARN: [33mArkTS:WARN File: E:/lcj/flutter_packages/packages/url_launcher/url_launcher_ohos/ohos/url_launcher/src/main/ets/components/plugin/Messages.ets:135:41
 Usage of "ESObject" type is restricted (arkts-limited-esobj)
[39m
[33mWARN: [33mArkTS:WARN File: E:/lcj/flutter_packages/packages/url_launcher/url_launcher_ohos/ohos/url_launcher/src/main/ets/components/plugin/Messages.ets:159:28
 Usage of "ESObject" type is restricted (arkts-limited-esobj)
[39m
[33mWARN: [33mArkTS:WARN File: E:/lcj/flutter_packages/packages/url_launcher/url_launcher_ohos/ohos/url_launcher/src/main/ets/components/plugin/UrlLauncher.ets:120:9
 Usage of "ESObject" type is restricted (arkts-limited-esobj)
[39m
[33mWARN: [33mArkTS:WARN File: E:/lcj/flutter_packages/packages/url_launcher/url_launcher_ohos/ohos/url_launcher/src/main/ets/components/plugin/UrlLauncher.ets:121:5
 Usage of "ESObject" type is restricted (arkts-limited-esobj)
[39m
[33mWARN: [33mArkTS:WARN File: E:/lcj/flutter_packages/packages/url_launcher/url_launcher_ohos/ohos/url_launcher/src/main/ets/components/plugin/UrlLauncher.ets:122:5
 Usage of "ESObject" type is restricted (arkts-limited-esobj)
[39m
[33mWARN: [33mArkTS:WARN File: E:/lcj/flutter_packages/packages/url_launcher/url_launcher_ohos/ohos/url_launcher/src/main/ets/components/plugin/UrlLauncher.ets:134:22
 Usage of "ESObject" type is restricted (arkts-limited-esobj)
[39m
[33mWARN: [33mArkTS:WARN File: E:/lcj/flutter_packages/packages/url_launcher/url_launcher_ohos/ohos/url_launcher/src/main/ets/components/plugin/UrlLauncher.ets:145:20
 Usage of "ESObject" type is restricted (arkts-limited-esobj)
[39m
[33mWARN: [33mArkTS:WARN File: E:/lcj/flutter_packages/packages/url_launcher/url_launcher_ohos/ohos/url_launcher/src/main/ets/components/plugin/UrlLauncher.ets:168:20
 Usage of "ESObject" type is restricted (arkts-limited-esobj)
[39m
[33mWARN: [33mArkTS:WARN File: E:/lcj/flutter_packages/packages/url_launcher/url_launcher_ohos/ohos/url_launcher/src/main/ets/components/plugin/UrlLauncher.ets:234:28
 Usage of "ESObject" type is restricted (arkts-limited-esobj)
[39m
[33mWARN: [33mArkTS:WARN File: E:/lcj/flutter_packages/packages/url_launcher/url_launcher_ohos/ohos/url_launcher/src/main/ets/components/plugin/UrlLauncher.ets:246:26
 Usage of "ESObject" type is restricted (arkts-limited-esobj)
[39m
[33mWARN: [33mArkTS:WARN File: E:/lcj/flutter_packages/packages/url_launcher/url_launcher_ohos/ohos/url_launcher/src/main/ets/components/plugin/UrlLauncher.ets:246:49
 Usage of "ESObject" type is restricted (arkts-limited-esobj)
[39m
[33mWARN: [33mArkTS:WARN File: E:/lcj/flutter_packages/packages/url_launcher/url_launcher_ohos/ohos/url_launcher/src/main/ets/components/plugin/UrlLauncher.ets:271:26
 Usage of "ESObject" type is restricted (arkts-limited-esobj)
[39m
[33mWARN: [33mArkTS:WARN File: E:/lcj/flutter_packages/packages/url_launcher/url_launcher_ohos/ohos/url_launcher/src/main/ets/components/plugin/UrlLauncher.ets:271:49
 Usage of "ESObject" type is restricted (arkts-limited-esobj)
[39m
[33mWARN: [33mArkTS:WARN File: E:/lcj/flutter_packages/packages/url_launcher/url_launcher_ohos/ohos/url_launcher/src/main/ets/components/plugin/UrlLauncher.ets:297:26
 Usage of "ESObject" type is restricted (arkts-limited-esobj)
[39m
[33mWARN: [33mArkTS:WARN File: E:/lcj/flutter_packages/packages/url_launcher/url_launcher_ohos/ohos/url_launcher/src/main/ets/components/plugin/UrlLauncher.ets:297:49
 Usage of "ESObject" type is restricted (arkts-limited-esobj)
[39m
[33mWARN: [33mArkTS:WARN File: E:/lcj/flutter_packages/packages/url_launcher/url_launcher_ohos/ohos/url_launcher/src/main/ets/components/plugin/UrlLauncher.ets:323:26
 Usage of "ESObject" type is restricted (arkts-limited-esobj)
[39m
[33mWARN: [33mArkTS:WARN File: E:/lcj/flutter_packages/packages/url_launcher/url_launcher_ohos/ohos/url_launcher/src/main/ets/components/plugin/UrlLauncher.ets:323:49
 Usage of "ESObject" type is restricted (arkts-limited-esobj)
[39m
[33mWARN: [33mArkTS:WARN: For details about ArkTS syntax errors, see FAQs[39m
[33mWARN: [33mArkTS:WARN File: E:/lcj/flutter_packages/packages/url_launcher/url_launcher_ohos/ohos/oh_modules/.ohpm/@ohos+flutter_ohos@znyxrfjxuun4wec4+udi+xiu7nw=/oh_modules/@ohos/flutter_ohos/src/main/ets/embedding/engine/FlutterNapi.ets:16:21
 Currently module for 'libflutter.so' is not verified. If you're importing napi, its verification will be enabled in later SDK version. Please make sure the corresponding .d.ts file is provided and the napis are correctly declared.
[39m

[2024-02-06T11:13:58.275] [DEBUG] debug-file - worker[0] has one work done.
[2024-02-06T11:13:58.275] [DEBUG] debug-file - default@LintArkTS work[0] done.
[2024-02-06T11:13:58.276] [DEBUG] debug-file - A work dispatched to worker[0] failed because unable to get work from ready queue.
[2024-02-06T11:13:58.276] [INFO] debug-file - Finished :url_launcher:default@LintArkTS... after 11 s 526 ms 
[2024-02-06T11:13:58.282] [DEBUG] debug-file - url_launcher : default@PackageHar start {
  rss: 566489088,
  heapTotal: 90648576,
  heapUsed: 83715424,
  external: 1085956,
  arrayBuffers: 121759
}
[2024-02-06T11:13:58.282] [DEBUG] debug-file - Executing task :url_launcher:default@PackageHar
[2024-02-06T11:13:58.869] [DEBUG] debug-file - url_launcher : default@PackageHar end {
  rss: 608309248,
  heapTotal: 90910720,
  heapUsed: 84065808,
  external: 40146209,
  arrayBuffers: 39179867
}
[2024-02-06T11:13:58.869] [DEBUG] debug-file - runTaskFromQueue task cost before running: 26 s 868 ms 
[2024-02-06T11:13:58.870] [INFO] debug-file - Finished :url_launcher:default@PackageHar... after 588 ms 
[2024-02-06T11:13:58.870] [DEBUG] debug-file - url_launcher : assembleHar start {
  rss: 608604160,
  heapTotal: 90910720,
  heapUsed: 84245976,
  external: 40146209,
  arrayBuffers: 39181737
}
[2024-02-06T11:13:58.871] [DEBUG] debug-file - Executing task :url_launcher:assembleHar
[2024-02-06T11:13:58.871] [DEBUG] debug-file - url_launcher : assembleHar end {
  rss: 608710656,
  heapTotal: 90910720,
  heapUsed: 84279208,
  external: 40146209,
  arrayBuffers: 39182704
}
[2024-02-06T11:13:58.871] [DEBUG] debug-file - runTaskFromQueue task cost before running: 26 s 870 ms 
[2024-02-06T11:13:58.871] [INFO] debug-file - Finished :url_launcher:assembleHar... after 1 ms 
[2024-02-06T11:13:58.871] [DEBUG] debug-file - BUILD SUCCESSFUL in 26 s 870 ms 
[2024-02-06T11:13:58.873] [DEBUG] debug-file - Update task url_launcher:default@PreBuild input file:E:\lcj\flutter_packages\packages\url_launcher\url_launcher_ohos\ohos\AppScope\app.json5 cache by regenerate.
[2024-02-06T11:13:58.874] [DEBUG] debug-file - Update task url_launcher:default@PreBuild input file:E:\lcj\flutter_packages\packages\url_launcher\url_launcher_ohos\ohos\url_launcher\src\main\module.json5 cache by regenerate.
[2024-02-06T11:13:58.874] [DEBUG] debug-file - Update task url_launcher:default@PreBuild input file:E:\lcj\flutter_packages\packages\url_launcher\url_launcher_ohos\ohos\build-profile.json5 cache by regenerate.
[2024-02-06T11:13:58.875] [DEBUG] debug-file - Update task url_launcher:default@PreBuild input file:E:\lcj\flutter_packages\packages\url_launcher\url_launcher_ohos\ohos\url_launcher\build-profile.json5 cache by regenerate.
[2024-02-06T11:13:58.875] [DEBUG] debug-file - Update task url_launcher:default@PreBuild input file:E:\lcj\flutter_packages\packages\url_launcher\url_launcher_ohos\ohos\url_launcher\oh-package.json5 cache by regenerate.
[2024-02-06T11:13:58.876] [DEBUG] debug-file - Incremental task url_launcher:default@PreBuild post-execution cost:5 ms .
[2024-02-06T11:13:58.876] [DEBUG] debug-file - Update task url_launcher:default@CreateHarBuildProfile input file:E:\lcj\flutter_packages\packages\url_launcher\url_launcher_ohos\ohos\AppScope\app.json5 cache by regenerate.
[2024-02-06T11:13:58.877] [DEBUG] debug-file - Update task url_launcher:default@CreateHarBuildProfile input file:E:\lcj\flutter_packages\packages\url_launcher\url_launcher_ohos\ohos\build-profile.json5 cache by regenerate.
[2024-02-06T11:13:58.877] [DEBUG] debug-file - Update task url_launcher:default@CreateHarBuildProfile output file:E:\lcj\flutter_packages\packages\url_launcher\url_launcher_ohos\ohos\url_launcher\BuildProfile.ets cache.
[2024-02-06T11:13:58.878] [DEBUG] debug-file - Incremental task url_launcher:default@CreateHarBuildProfile post-execution cost:2 ms .
[2024-02-06T11:13:58.878] [DEBUG] debug-file - Update task url_launcher:default@ConfigureCmake output file:E:\lcj\flutter_packages\packages\url_launcher\url_launcher_ohos\ohos\url_launcher\.cxx\default\default\hvigor cache.
[2024-02-06T11:13:58.878] [DEBUG] debug-file - Incremental task url_launcher:default@ConfigureCmake post-execution cost:1 ms .
[2024-02-06T11:13:58.878] [DEBUG] debug-file - Update task url_launcher:default@MergeProfile input file:E:\lcj\flutter_packages\packages\url_launcher\url_launcher_ohos\ohos\AppScope\app.json5 cache by regenerate.
[2024-02-06T11:13:58.879] [DEBUG] debug-file - Update task url_launcher:default@MergeProfile input file:E:\lcj\flutter_packages\packages\url_launcher\url_launcher_ohos\ohos\build-profile.json5 cache by regenerate.
[2024-02-06T11:13:58.879] [DEBUG] debug-file - Update task url_launcher:default@MergeProfile input file:E:\lcj\flutter_packages\packages\url_launcher\url_launcher_ohos\ohos\url_launcher\src\main\module.json5 cache by regenerate.
[2024-02-06T11:13:58.880] [DEBUG] debug-file - Update task url_launcher:default@MergeProfile output file:E:\lcj\flutter_packages\packages\url_launcher\url_launcher_ohos\ohos\url_launcher\build\default\intermediates\merge_profile\default\module.json cache.
[2024-02-06T11:13:58.880] [DEBUG] debug-file - Incremental task url_launcher:default@MergeProfile post-execution cost:2 ms .
[2024-02-06T11:13:58.880] [DEBUG] debug-file - Update task url_launcher:default@ProcessProfile input file:E:\lcj\flutter_packages\packages\url_launcher\url_launcher_ohos\ohos\url_launcher\build\default\intermediates\merge_profile\default\module.json cache by regenerate.
[2024-02-06T11:13:58.880] [DEBUG] debug-file - Update task url_launcher:default@ProcessProfile output file:E:\lcj\flutter_packages\packages\url_launcher\url_launcher_ohos\ohos\url_launcher\build\default\intermediates\process_profile\default\module.json cache.
[2024-02-06T11:13:58.881] [DEBUG] debug-file - Incremental task url_launcher:default@ProcessProfile post-execution cost:1 ms .
[2024-02-06T11:13:58.881] [DEBUG] debug-file - Update task url_launcher:default@LintArkTS input file:E:\lcj\flutter_packages\packages\url_launcher\url_launcher_ohos\ohos\url_launcher\src\main\ets cache by regenerate.
[2024-02-06T11:13:58.892] [DEBUG] debug-file - Update task url_launcher:default@LintArkTS input file:E:\lcj\flutter_packages\packages\url_launcher\url_launcher_ohos\ohos\url_launcher\BuildProfile.ets cache by regenerate.
[2024-02-06T11:13:58.892] [DEBUG] debug-file - Incremental task url_launcher:default@LintArkTS post-execution cost:12 ms .
[2024-02-06T11:13:58.892] [DEBUG] debug-file - Update task url_launcher:default@ProcessResource output file:E:\lcj\flutter_packages\packages\url_launcher\url_launcher_ohos\ohos\url_launcher\build\default\intermediates\res\default\resConfig.json cache.
[2024-02-06T11:13:58.893] [DEBUG] debug-file - Incremental task url_launcher:default@ProcessResource post-execution cost:1 ms .
[2024-02-06T11:13:58.893] [DEBUG] debug-file - Update task url_launcher:default@ProcessLibs input file:E:\lcj\flutter_packages\packages\url_launcher\url_launcher_ohos\ohos\url_launcher\libs cache by regenerate.
[2024-02-06T11:13:58.894] [DEBUG] debug-file - Update task url_launcher:default@ProcessLibs output file:E:\lcj\flutter_packages\packages\url_launcher\url_launcher_ohos\ohos\url_launcher\build\default\intermediates\libs\default cache.
[2024-02-06T11:13:58.894] [DEBUG] debug-file - Incremental task url_launcher:default@ProcessLibs post-execution cost:2 ms .
[2024-02-06T11:13:58.895] [DEBUG] debug-file - Update task url_launcher:default@CompileResource input file:E:\lcj\flutter_packages\packages\url_launcher\url_launcher_ohos\ohos\url_launcher\src\main\resources cache by regenerate.
[2024-02-06T11:13:58.898] [DEBUG] debug-file - Update task url_launcher:default@CompileResource input file:E:\lcj\flutter_packages\packages\url_launcher\url_launcher_ohos\ohos\url_launcher\build\default\intermediates\process_profile\default\module.json cache by regenerate.
[2024-02-06T11:13:58.899] [DEBUG] debug-file - Update task url_launcher:default@CompileResource input file:E:\lcj\flutter_packages\packages\url_launcher\url_launcher_ohos\ohos\url_launcher\build\default\intermediates\res\default\resConfig.json cache by regenerate.
[2024-02-06T11:13:58.899] [DEBUG] debug-file - Update task url_launcher:default@CompileResource output file:E:\lcj\flutter_packages\packages\url_launcher\url_launcher_ohos\ohos\url_launcher\build\default\intermediates\res\default cache.
[2024-02-06T11:13:58.901] [DEBUG] debug-file - Update task url_launcher:default@CompileResource output file:E:\lcj\flutter_packages\packages\url_launcher\url_launcher_ohos\ohos\url_launcher\build\default\generated\r\default\ResourceTable.h cache.
[2024-02-06T11:13:58.902] [DEBUG] debug-file - Update task url_launcher:default@CompileResource output file:E:\lcj\flutter_packages\packages\url_launcher\url_launcher_ohos\ohos\url_launcher\build\default\generated\r\default cache.
[2024-02-06T11:13:58.903] [DEBUG] debug-file - Incremental task url_launcher:default@CompileResource post-execution cost:9 ms .
[2024-02-06T11:13:58.903] [DEBUG] debug-file - Update task url_launcher:default@DoNativeStrip input file:E:\lcj\flutter_packages\packages\url_launcher\url_launcher_ohos\ohos\url_launcher\build\default\intermediates\libs\default cache by regenerate.
[2024-02-06T11:13:58.903] [DEBUG] debug-file - Update task url_launcher:default@DoNativeStrip output file:E:\lcj\flutter_packages\packages\url_launcher\url_launcher_ohos\ohos\url_launcher\build\default\intermediates\stripped_native_libs\default cache.
[2024-02-06T11:13:58.904] [DEBUG] debug-file - Incremental task url_launcher:default@DoNativeStrip post-execution cost:2 ms .
[2024-02-06T11:13:58.904] [DEBUG] debug-file - Update task url_launcher:default@CacheNativeLibs input file:E:\lcj\flutter_packages\packages\url_launcher\url_launcher_ohos\ohos\url_launcher\build\default\intermediates\libs\default cache by regenerate.
[2024-02-06T11:13:58.905] [DEBUG] debug-file - Update task url_launcher:default@CacheNativeLibs input file:E:\lcj\flutter_packages\packages\url_launcher\url_launcher_ohos\ohos\url_launcher\build\default\intermediates\stripped_native_libs\default cache by regenerate.
[2024-02-06T11:13:58.906] [DEBUG] debug-file - Update task url_launcher:default@CacheNativeLibs output file:E:\lcj\flutter_packages\packages\url_launcher\url_launcher_ohos\ohos\url_launcher\build\default\intermediates\patch\default\base_native_libs.json cache.
[2024-02-06T11:13:58.906] [DEBUG] debug-file - Incremental task url_launcher:default@CacheNativeLibs post-execution cost:3 ms .
[2024-02-06T11:13:58.907] [DEBUG] debug-file - Update task url_launcher:default@PackageHar input file:E:\lcj\flutter_packages\packages\url_launcher\url_launcher_ohos\ohos\url_launcher\build\default\intermediates\merge_profile\default cache by regenerate.
[2024-02-06T11:13:58.908] [DEBUG] debug-file - Update task url_launcher:default@PackageHar input file:E:\lcj\flutter_packages\packages\url_launcher\url_launcher_ohos\ohos\url_launcher cache by regenerate.
[2024-02-06T11:13:58.920] [DEBUG] debug-file - Update task url_launcher:default@PackageHar input file:E:\lcj\flutter_packages\packages\url_launcher\url_launcher_ohos\ohos\url_launcher\build\default\intermediates\stripped_native_libs\default cache by regenerate.
[2024-02-06T11:13:58.920] [DEBUG] debug-file - Update task url_launcher:default@PackageHar input file:E:\lcj\flutter_packages\packages\url_launcher\url_launcher_ohos\ohos\url_launcher\build\default\intermediates\res\default\ResourceTable.txt cache by regenerate.
[2024-02-06T11:13:58.921] [DEBUG] debug-file - Update task url_launcher:default@PackageHar input file:E:\lcj\flutter_packages\packages\url_launcher\url_launcher_ohos\ohos\url_launcher\build\default\generated\pm\default cache by regenerate.
[2024-02-06T11:13:58.922] [DEBUG] debug-file - Update task url_launcher:default@PackageHar output file:E:\lcj\flutter_packages\packages\url_launcher\url_launcher_ohos\ohos\url_launcher\build\default\cache\default\default@PackageHar cache.
[2024-02-06T11:13:58.934] [DEBUG] debug-file - Update task url_launcher:default@PackageHar output file:E:\lcj\flutter_packages\packages\url_launcher\url_launcher_ohos\ohos\url_launcher\build\default\outputs\default cache.
[2024-02-06T11:13:58.935] [DEBUG] debug-file - Incremental task url_launcher:default@PackageHar post-execution cost:29 ms .
[2024-02-06T11:13:58.945] [DEBUG] debug-file - Current worker pool is stopped or closed.
[2024-02-06T11:13:58.945] [DEBUG] debug-file - Clear worker 1.
[2024-02-06T11:13:58.945] [DEBUG] debug-file - Worker 1 has been cleared.
[2024-02-06T11:13:58.945] [DEBUG] debug-file - Current idle worker size: 1.
[2024-02-06T11:13:58.945] [DEBUG] debug-file - Current busy worker size: 0.
[2024-02-06T11:13:58.945] [DEBUG] debug-file - Clear worker 0.
[2024-02-06T11:13:58.945] [DEBUG] debug-file - Worker 0 has been cleared.
[2024-02-06T11:13:58.945] [DEBUG] debug-file - Current idle worker size: 0.
[2024-02-06T11:13:58.945] [DEBUG] debug-file - Current busy worker size: 0.
[2024-02-06T11:13:58.947] [DEBUG] debug-file - hvigor build process will be closed.
[2024-02-06T11:13:58.947] [DEBUG] debug-file - worker[1] exits with exit code 1.
[2024-02-06T11:13:58.955] [DEBUG] debug-file - session manager: send message to worker process.
[2024-02-06T11:13:58.956] [DEBUG] debug-file - session manager: send message to worker process.
[2024-02-06T11:13:58.948] [DEBUG] debug-file - Current worker pool is terminated.
[2024-02-06T11:13:58.956] [DEBUG] debug-file - watch worker: worker id should be larger than 0. Nothing will be sent to any worker thread.
[2024-02-06T11:13:58.956] [DEBUG] debug-file - watch worker: worker id should be larger than 0. Nothing will be sent to any worker thread.
[2024-02-06T11:13:58.977] [DEBUG] debug-file - worker[0] exits with exit code 1.
